#
# A fatal error has been detected by the Java Runtime Environment:
#
#  EXCEPTION_ACCESS_VIOLATION (0xc0000005) at pc=0x00007ff86f73c514, pid=38872, tid=5392
#
# JRE version: OpenJDK Runtime Environment Temurin-25.0.1+8 (25.0.1+8) (build 25.0.1+8-LTS)
# Java VM: OpenJDK 64-Bit Server VM Temurin-25.0.1+8 (25.0.1+8-LTS, mixed mode, sharing, tiered, compressed oops, compressed class ptrs, parallel gc, windows-amd64)
# Problematic frame:
# V  [jvm.dll+0x45c514]
#
# No core dump will be written. Minidumps are not enabled by default on client versions of Windows
#
# If you would like to submit a bug report, please visit:
#   https://github.com/adoptium/adoptium-support/issues
#

---------------  S U M M A R Y ------------

Command Line: -Djdk.xml.maxGeneralEntitySizeLimit=0 -Djdk.xml.totalEntitySizeLimit=0 --add-modules=ALL-SYSTEM --add-opens=java.base/java.util=ALL-UNNAMED --add-opens=java.base/java.lang=ALL-UNNAMED --add-opens=java.base/sun.nio.fs=ALL-UNNAMED -Declipse.application=org.eclipse.jdt.ls.core.id1 -Dosgi.bundles.defaultStartLevel=4 -Declipse.product=org.eclipse.jdt.ls.core.product -Djava.import.generatesMetadataFilesAtProjectRoot=false -DDetectVMInstallationsJob.disabled=true -Dfile.encoding=utf8 -XX:+UseParallelGC -XX:GCTimeRatio=4 -XX:AdaptiveSizePolicyWeight=90 -Dsun.zip.disableMemoryMapping=true -Xmx2G -Xms100m -Xlog:disable -javaagent:c:\Users\W.Y.Park\.vscode-insiders\extensions\redhat.java-1.50.0-win32-x64\lombok\lombok-1.18.39-4050.jar -XX:+HeapDumpOnOutOfMemoryError -XX:HeapDumpPath=c:\Users\W.Y.Park\AppData\Roaming\Code - Insiders\User\workspaceStorage\a504f27c4b74cf35ebf1b0132750258b\redhat.java -Daether.dependencyCollector.impl=bf -Djdt.core.sharedIndexLocation=C:\Users\W.Y.Park\AppData\Roaming\.jdt\index -XX:+UnlockDiagnosticVMOptions -XX:+AllowArchivingWithJavaAgent -XX:+AutoCreateSharedArchive -XX:SharedArchiveFile=c:\Users\W.Y.Park\AppData\Roaming\Code - Insiders\User\globalStorage\redhat.java\1.50.0\jdtls.jsa c:\Users\W.Y.Park\.vscode-insiders\extensions\redhat.java-1.50.0-win32-x64\server\plugins\org.eclipse.equinox.launcher_1.7.100.v20251111-0406.jar -configuration c:\Users\W.Y.Park\AppData\Roaming\Code - Insiders\User\globalStorage\redhat.java\1.50.0\config_win -data c:\Users\W.Y.Park\AppData\Roaming\Code - Insiders\User\workspaceStorage\a504f27c4b74cf35ebf1b0132750258b\redhat.java\jdt_ws --pipe=\\.\pipe\lsp-1eac288957ae390fdeb8ba9195bf1a17-sock

Host: AMD Ryzen 9 5950X 16-Core Processor            , 32 cores, 31G,  Windows 11 , 64 bit Build 26100 (10.0.26100.7309)
Time: Thu Dec 25 11:11:26 2025 elapsed time: 2153.031598 seconds (0d 0h 35m 53s)

---------------  T H R E A D  ---------------

Current thread (0x000002d546795400):  VMThread "VM Thread"          [id=5392, stack(0x000000eada100000,0x000000eada200000) (1024K)]

Stack: [0x000000eada100000,0x000000eada200000],  sp=0x000000eada1fef90,  free space=1019k
Native frames: (J=compiled Java code, j=interpreted, Vv=VM code, C=native code)
V  [jvm.dll+0x45c514]  (no source info available)
V  [jvm.dll+0x45c55f]  (no source info available)
V  [jvm.dll+0x45c55f]  (no source info available)
V  [jvm.dll+0x461f66]  (no source info available)
V  [jvm.dll+0x386fca]  (no source info available)
V  [jvm.dll+0x385f16]  (no source info available)
V  [jvm.dll+0x386353]  (no source info available)
V  [jvm.dll+0x9fe6d2]  (no source info available)
V  [jvm.dll+0x9ff9f1]  (no source info available)
V  [jvm.dll+0x9fff68]  (no source info available)
V  [jvm.dll+0xa00203]  (no source info available)
V  [jvm.dll+0x99630d]  (no source info available)
V  [jvm.dll+0x7a6955]  (no source info available)
C  [ucrtbase.dll+0x37b0]  (no source info available)
C  [KERNEL32.DLL+0x2e8d7]  (no source info available)
C  [ntdll.dll+0x8c53c]  (no source info available)


siginfo: EXCEPTION_ACCESS_VIOLATION (0xc0000005), reading address 0x00000000000000e0


Registers:
RAX=0x0000000009183101, RBX=0x0000000000000000, RCX=0x0000000000000000, RDX=0x0000000000000000
RSP=0x000000eada1fef90, RBP=0x000000eada1ff0a0, RSI=0x0000000000000001, RDI=0x000002d56350e518
R8 =0x000002d52a47d380, R9 =0x00000000000001d5, R10=0x000002d52a470000, R11=0x000000eada1ff010
R12=0x00007ff86fe3d1d0, R13=0x00007ff86fe4a258, R14=0x000002d5618979b8, R15=0x00007ff86fe3d0f8
RIP=0x00007ff86f73c514, EFLAGS=0x0000000000010287

XMM[0]=0x0000000000000000 0x0000000000000000
XMM[1]=0x00000000091b6470 0x00000000091b6418
XMM[2]=0x000002d561892178 0x000002d561891f10
XMM[3]=0x000002d561892018 0x000002d561891fc0
XMM[4]=0x000002d561892228 0x000002d561892070
XMM[5]=0x00000000091b64c8 0x00000000091b6470
XMM[6]=0x0000000000000000 0x0000000000000000
XMM[7]=0x0000000000000000 0x404e000000000000
XMM[8]=0x0000000000000000 0x0000000000000000
XMM[9]=0x0000000000000000 0x0000000000000000
XMM[10]=0x0000000000000000 0x0000000000000000
XMM[11]=0x0000000000000000 0x0000000000000000
XMM[12]=0x0000000000000000 0x0000000000000000
XMM[13]=0x0000000000000000 0x0000000000000000
XMM[14]=0x0000000000000000 0x0000000000000000
XMM[15]=0x0000000000000000 0x0000000000000000
  MXCSR=0x00001fa0


Register to memory mapping:

RAX=0x0000000009183101 is pointing into metadata
RBX=0x0 is null
RCX=0x0 is null
RDX=0x0 is null
RSP=0x000000eada1fef90 points into unknown readable memory: 0x00007ff86fe4a258 | 58 a2 e4 6f f8 7f 00 00
RBP=0x000000eada1ff0a0 points into unknown readable memory: 0x00007ff86fe4a268 | 68 a2 e4 6f f8 7f 00 00
RSI=0x0000000000000001 is an unknown value
RDI=0x000002d56350e518 points into unknown readable memory: 0x0000000000000000 | 00 00 00 00 00 00 00 00
R8 =0x000002d52a47d380 points into unknown readable memory: 0x000002d52a4710b0 | b0 10 47 2a d5 02 00 00
R9 =0x00000000000001d5 is an unknown value
R10=0x000002d52a470000 points into unknown readable memory: 0x0000000000000000 | 00 00 00 00 00 00 00 00
R11=0x000000eada1ff010 points into unknown readable memory: 0x000002d561897b48 | 48 7b 89 61 d5 02 00 00
R12=0x00007ff86fe3d1d0 jvm.dll
R13=0x00007ff86fe4a258 jvm.dll
R14=0x000002d5618979b8 points into unknown readable memory: 0x0000000009010080 | 80 00 01 09 00 00 00 00
R15=0x00007ff86fe3d0f8 jvm.dll

Top of Stack: (sp=0x000000eada1fef90)
0x000000eada1fef90:   00007ff86fe4a258 00007ff86fe3d1d0   X..o.......o....
0x000000eada1fefa0:   000002d52c93ce30 0000000000000048   0..,....H.......
0x000000eada1fefb0:   000002d56350e518 00007ff86f73c55f   ..Pc...._.so....
0x000000eada1fefc0:   0000000000000000 0000000000000001   ................
0x000000eada1fefd0:   000002d5a1e49910 00007ff86f9466b6   .........f.o....
0x000000eada1fefe0:   000002d56350ee38 00007ff86f73c55f   8.Pc...._.so....
0x000000eada1feff0:   0000000000000000 0000000000000002   ................
0x000000eada1ff000:   000002d5618979b8 000002d52c93ce30   .y.a....0..,....
0x000000eada1ff010:   000002d561897b48 00007ff86f741f66   H{.a....f.to....
0x000000eada1ff020:   0000000000000000 00007ff86fe633e0   .........3.o....
0x000000eada1ff030:   000002d5618979b8 000000eada1ff0a0   .y.a............
0x000000eada1ff040:   00000000000016d8 0000000000000000   ................
0x000000eada1ff050:   00000000000002db 000000ead9efe880   ................
0x000000eada1ff060:   000002d5618979b8 00007ff86f666fca   .y.a.....ofo....
0x000000eada1ff070:   0000000000000048 000002d52c93ce30   H.......0..,....
0x000000eada1ff080:   0000000000000000 000000000039fdfa   ..........9.....
0x000000eada1ff090:   000002d561896a10 00000005000001d8   .j.a............
0x000000eada1ff0a0:   00007ff86fe4a268 0000000000000000   h..o............
0x000000eada1ff0b0:   0000000000000000 0000000000000000   ................
0x000000eada1ff0c0:   00000000000003d8 0000000000000000   ................
0x000000eada1ff0d0:   000000000a22fa48 000000ead9efe880   H.".............
0x000000eada1ff0e0:   0000000000010f58 00000000000003d8   X...............
0x000000eada1ff0f0:   00000000000021eb 00007ff86f665f16   .!......._fo....
0x000000eada1ff100:   00007ff8000002db 00000000000016d8   ................
0x000000eada1ff110:   000002d52c93ce30 00007ff870115b68   0..,....h[.p....
0x000000eada1ff120:   0000000000000000 0000000000000000   ................
0x000000eada1ff130:   00000000000000df 00007ff86fcecd03   ...........o....
0x000000eada1ff140:   0000000000000000 000002d546795401   .........TyF....
0x000000eada1ff150:   00007ff87008b2e0 000002d546790100   ...p......yF....
0x000000eada1ff160:   0000000000000000 00007ff86fa828df   .........(.o....
0x000000eada1ff170:   0000000000000034 0000004000001000   4...........@...
0x000000eada1ff180:   00000000000003e8 000002d546795400   .........TyF....

Instructions: (pc=0x00007ff86f73c514)
  0x00007ff86f73c414:   cb ff 4d 39 7e 20 74 0c 4d 89 66 18 4d 89 7e 20
  0x00007ff86f73c424:   4d 89 6e 28 4c 8b b4 24 18 01 00 00 4c 8b ac 24
  0x00007ff86f73c434:   20 01 00 00 4c 8b a4 24 28 01 00 00 4c 8b bc 24
  0x00007ff86f73c444:   10 01 00 00 48 83 7c 24 38 00 74 55 48 8b 9f b0
  0x00007ff86f73c454:   06 00 00 48 8d 44 24 68 33 c9 48 89 45 b8 48 8d
  0x00007ff86f73c464:   45 a9 48 89 4d d8 89 4d c8 4c 8d 44 24 60 88 4d
  0x00007ff86f73c474:   d0 48 8d 54 24 38 4c 8b cf 48 89 45 c0 48 8d 4c
  0x00007ff86f73c484:   24 48 48 89 b7 b0 06 00 00 c7 45 cc 08 00 00 00
  0x00007ff86f73c494:   c6 44 24 48 0e e8 12 f9 01 00 48 89 9f b0 06 00
  0x00007ff86f73c4a4:   00 48 8d 4c 24 38 e8 71 e4 fd ff 48 8b 9c 24 60
  0x00007ff86f73c4b4:   01 00 00 48 8b 4d 00 48 33 cc e8 cd a8 61 00 48
  0x00007ff86f73c4c4:   81 c4 30 01 00 00 5f 5e 5d c3 cc cc 0f b7 41 0e
  0x00007ff86f73c4d4:   66 c1 e8 09 a8 01 74 03 32 c0 c3 e9 3c 89 20 00
  0x00007ff86f73c4e4:   cc cc cc cc cc cc cc cc cc cc cc cc 48 89 5c 24
  0x00007ff86f73c4f4:   08 48 89 74 24 10 57 48 83 ec 20 48 3b 0d da af
  0x00007ff86f73c504:   99 00 48 8b d9 73 09 48 3b 0d c6 af 99 00 73 5b
=>0x00007ff86f73c514:   48 8b 81 e0 00 00 00 66 83 78 30 32 72 5f 48 8b
  0x00007ff86f73c524:   01 ff 50 78 48 85 c0 74 15 48 8b 03 48 8b cb ff
  0x00007ff86f73c534:   50 78 48 8b c8 e8 b2 ff ff ff 84 c0 74 3f 48 8b
  0x00007ff86f73c544:   bb a0 01 00 00 48 63 37 48 85 f6 7e 1e 33 db 48
  0x00007ff86f73c554:   83 c7 08 48 8b 0f e8 91 ff ff ff 84 c0 74 1e 48
  0x00007ff86f73c564:   ff c3 48 83 c7 08 48 3b de 7c e8 b0 01 48 8b 5c
  0x00007ff86f73c574:   24 30 48 8b 74 24 38 48 83 c4 20 5f c3 48 8b 5c
  0x00007ff86f73c584:   24 30 32 c0 48 8b 74 24 38 48 83 c4 20 5f c3 cc
  0x00007ff86f73c594:   cc cc cc cc cc cc cc cc cc cc cc cc 4c 89 44 24
  0x00007ff86f73c5a4:   18 53 56 57 48 83 ec 70 48 3b 15 0d 15 9a 00 49
  0x00007ff86f73c5b4:   8b f0 48 8b fa 48 8b d9 0f 84 88 02 00 00 48 8b
  0x00007ff86f73c5c4:   4a 08 48 85 c9 0f 84 7b 02 00 00 ff 15 4b 4a 93
  0x00007ff86f73c5d4:   00 48 85 c0 0f 84 6c 02 00 00 48 8b cf e8 5a a4
  0x00007ff86f73c5e4:   e3 ff 84 c0 0f 85 5c 02 00 00 48 85 db 0f 84 53
  0x00007ff86f73c5f4:   02 00 00 66 83 7b 04 05 0f 82 48 02 00 00 48 8b
  0x00007ff86f73c604:   b6 a8 03 00 00 48 8b cb 0f b6 43 0a 0a 43 09 0a


Stack slot to memory mapping:

stack at sp + 0 slots: 0x00007ff86fe4a258 jvm.dll
stack at sp + 1 slots: 0x00007ff86fe3d1d0 jvm.dll
stack at sp + 2 slots: 0x000002d52c93ce30 points into unknown readable memory: 0x000002d546795840 | 40 58 79 46 d5 02 00 00
stack at sp + 3 slots: 0x0000000000000048 is an unknown value
stack at sp + 4 slots: 0x000002d56350e518 points into unknown readable memory: 0x0000000000000000 | 00 00 00 00 00 00 00 00
stack at sp + 5 slots: 0x00007ff86f73c55f jvm.dll
stack at sp + 6 slots: 0x0 is null
stack at sp + 7 slots: 0x0000000000000001 is an unknown value

VM_Operation (0x000000ead9efe870): PopulateDumpSharedSpace, mode: safepoint, requested by thread 0x000002d52a3ab9a0


---------------  P R O C E S S  ---------------

Threads class SMR info:
_java_thread_list=0x000002d551643220, length=53, elements={
0x000002d52a3ab9a0, 0x000002d5467a35c0, 0x000002d5467a3d80, 0x000002d5467ae310,
0x000002d5467aed50, 0x000002d5467b3af0, 0x000002d5467b8cb0, 0x000002d52c922f90,
0x000002d52c9257e0, 0x000002d54f3667f0, 0x000002d54f3c1970, 0x000002d550a25850,
0x000002d55236ab10, 0x000002d55236c280, 0x000002d5538d4010, 0x000002d5538d4fb0,
0x000002d5538d3840, 0x000002d5538d6720, 0x000002d5538d76c0, 0x000002d5538d9dd0,
0x000002d5538d8660, 0x000002d5538da5a0, 0x000002d551ba5790, 0x000002d551ba47f0,
0x000002d551ba3850, 0x000002d551ba6730, 0x000002d551ba76d0, 0x000002d551ba9de0,
0x000002d551ba8670, 0x000002d551ba8e40, 0x000002d553845700, 0x000002d553843f90,
0x000002d5538437c0, 0x000002d553844f30, 0x000002d553847e10, 0x000002d553849580,
0x000002d55384a520, 0x000002d553846e70, 0x000002d5535a3810, 0x000002d5535a3fe0,
0x000002d5535a3040, 0x000002d5535a7e60, 0x000002d5535a47b0, 0x000002d5535a6ec0,
0x000002d5535a8e00, 0x000002d5536441d0, 0x000002d5536468e0, 0x000002d553645940,
0x000002d551948b60, 0x000002d551947bc0, 0x000002d552ababf0, 0x000002d55f499f60,
0x000002d55f498f40
}

Java Threads: ( => current thread )
  0x000002d52a3ab9a0 JavaThread "main"                              [_thread_blocked, id=43320, stack(0x000000ead9e00000,0x000000ead9f00000) (1024K)]
  0x000002d5467a35c0 JavaThread "Reference Handler"          daemon [_thread_blocked, id=21072, stack(0x000000eada200000,0x000000eada300000) (1024K)]
  0x000002d5467a3d80 JavaThread "Finalizer"                  daemon [_thread_blocked, id=35460, stack(0x000000eada300000,0x000000eada400000) (1024K)]
  0x000002d5467ae310 JavaThread "Signal Dispatcher"          daemon [_thread_blocked, id=41364, stack(0x000000eada400000,0x000000eada500000) (1024K)]
  0x000002d5467aed50 JavaThread "Attach Listener"            daemon [_thread_blocked, id=20108, stack(0x000000eada500000,0x000000eada600000) (1024K)]
  0x000002d5467b3af0 JavaThread "Service Thread"             daemon [_thread_blocked, id=20548, stack(0x000000eada600000,0x000000eada700000) (1024K)]
  0x000002d5467b8cb0 JavaThread "Monitor Deflation Thread"   daemon [_thread_blocked, id=39728, stack(0x000000eada700000,0x000000eada800000) (1024K)]
  0x000002d52c922f90 JavaThread "C2 CompilerThread0"         daemon [_thread_blocked, id=14892, stack(0x000000eada800000,0x000000eada900000) (1024K)]
  0x000002d52c9257e0 JavaThread "C1 CompilerThread0"         daemon [_thread_blocked, id=32404, stack(0x000000eada900000,0x000000eadaa00000) (1024K)]
  0x000002d54f3667f0 JavaThread "Common-Cleaner"             daemon [_thread_blocked, id=18164, stack(0x000000eadad00000,0x000000eadae00000) (1024K)]
  0x000002d54f3c1970 JavaThread "Notification Thread"        daemon [_thread_blocked, id=42520, stack(0x000000eadaf00000,0x000000eadb000000) (1024K)]
  0x000002d550a25850 JavaThread "JNA Cleaner"                daemon [_thread_blocked, id=44428, stack(0x000000eadc500000,0x000000eadc600000) (1024K)]
  0x000002d55236ab10 JavaThread "InnocuousThread-1"          daemon [_thread_in_native, id=44676, stack(0x000000eadd800000,0x000000eadd900000) (1024K)]
  0x000002d55236c280 JavaThread "InnocuousThread-2"          daemon [_thread_in_native, id=43844, stack(0x000000eadd900000,0x000000eadda00000) (1024K)]
  0x000002d5538d4010 JavaThread "InnocuousThread-3"          daemon [_thread_in_native, id=45620, stack(0x000000eadda00000,0x000000eaddb00000) (1024K)]
  0x000002d5538d4fb0 JavaThread "InnocuousThread-4"          daemon [_thread_in_native, id=1624, stack(0x000000eaddb00000,0x000000eaddc00000) (1024K)]
  0x000002d5538d3840 JavaThread "InnocuousThread-5"          daemon [_thread_in_native, id=42332, stack(0x000000eaddc00000,0x000000eaddd00000) (1024K)]
  0x000002d5538d6720 JavaThread "InnocuousThread-6"          daemon [_thread_in_native, id=33488, stack(0x000000eaddd00000,0x000000eadde00000) (1024K)]
  0x000002d5538d76c0 JavaThread "InnocuousThread-7"          daemon [_thread_in_native, id=44260, stack(0x000000eadde00000,0x000000eaddf00000) (1024K)]
  0x000002d5538d9dd0 JavaThread "InnocuousThread-8"          daemon [_thread_in_native, id=45640, stack(0x000000eaddf00000,0x000000eade000000) (1024K)]
  0x000002d5538d8660 JavaThread "InnocuousThread-9"          daemon [_thread_in_native, id=35528, stack(0x000000eade000000,0x000000eade100000) (1024K)]
  0x000002d5538da5a0 JavaThread "InnocuousThread-10"         daemon [_thread_in_native, id=25508, stack(0x000000eade100000,0x000000eade200000) (1024K)]
  0x000002d551ba5790 JavaThread "InnocuousThread-11"         daemon [_thread_in_native, id=41044, stack(0x000000eade200000,0x000000eade300000) (1024K)]
  0x000002d551ba47f0 JavaThread "InnocuousThread-12"         daemon [_thread_in_native, id=6156, stack(0x000000eade300000,0x000000eade400000) (1024K)]
  0x000002d551ba3850 JavaThread "InnocuousThread-13"         daemon [_thread_in_native, id=45000, stack(0x000000eade400000,0x000000eade500000) (1024K)]
  0x000002d551ba6730 JavaThread "InnocuousThread-14"         daemon [_thread_in_native, id=42552, stack(0x000000eade500000,0x000000eade600000) (1024K)]
  0x000002d551ba76d0 JavaThread "InnocuousThread-15"         daemon [_thread_in_native, id=28972, stack(0x000000eade600000,0x000000eade700000) (1024K)]
  0x000002d551ba9de0 JavaThread "InnocuousThread-16"         daemon [_thread_in_native, id=43368, stack(0x000000eade700000,0x000000eade800000) (1024K)]
  0x000002d551ba8670 JavaThread "InnocuousThread-17"         daemon [_thread_in_native, id=41112, stack(0x000000eade800000,0x000000eade900000) (1024K)]
  0x000002d551ba8e40 JavaThread "InnocuousThread-18"         daemon [_thread_in_native, id=38432, stack(0x000000eade900000,0x000000eadea00000) (1024K)]
  0x000002d553845700 JavaThread "InnocuousThread-19"         daemon [_thread_in_native, id=43972, stack(0x000000eadea00000,0x000000eadeb00000) (1024K)]
  0x000002d553843f90 JavaThread "InnocuousThread-20"         daemon [_thread_in_native, id=40692, stack(0x000000eadeb00000,0x000000eadec00000) (1024K)]
  0x000002d5538437c0 JavaThread "InnocuousThread-21"         daemon [_thread_in_native, id=7556, stack(0x000000eadec00000,0x000000eaded00000) (1024K)]
  0x000002d553844f30 JavaThread "InnocuousThread-22"         daemon [_thread_in_native, id=42008, stack(0x000000eaded00000,0x000000eadee00000) (1024K)]
  0x000002d553847e10 JavaThread "InnocuousThread-23"         daemon [_thread_in_native, id=45060, stack(0x000000eadee00000,0x000000eadef00000) (1024K)]
  0x000002d553849580 JavaThread "InnocuousThread-24"         daemon [_thread_in_native, id=31844, stack(0x000000eadef00000,0x000000eadf000000) (1024K)]
  0x000002d55384a520 JavaThread "InnocuousThread-25"         daemon [_thread_in_native, id=44220, stack(0x000000eadf000000,0x000000eadf100000) (1024K)]
  0x000002d553846e70 JavaThread "InnocuousThread-26"         daemon [_thread_in_native, id=31160, stack(0x000000eadf100000,0x000000eadf200000) (1024K)]
  0x000002d5535a3810 JavaThread "InnocuousThread-27"         daemon [_thread_in_native, id=42224, stack(0x000000eadf200000,0x000000eadf300000) (1024K)]
  0x000002d5535a3fe0 JavaThread "InnocuousThread-28"         daemon [_thread_in_native, id=31904, stack(0x000000eadf300000,0x000000eadf400000) (1024K)]
  0x000002d5535a3040 JavaThread "InnocuousThread-29"         daemon [_thread_in_native, id=11628, stack(0x000000eadf400000,0x000000eadf500000) (1024K)]
  0x000002d5535a7e60 JavaThread "InnocuousThread-30"         daemon [_thread_in_native, id=12548, stack(0x000000eadf500000,0x000000eadf600000) (1024K)]
  0x000002d5535a47b0 JavaThread "InnocuousThread-31"         daemon [_thread_in_native, id=45012, stack(0x000000eadf600000,0x000000eadf700000) (1024K)]
  0x000002d5535a6ec0 JavaThread "InnocuousThread-32"         daemon [_thread_in_native, id=42220, stack(0x000000eadf700000,0x000000eadf800000) (1024K)]
  0x000002d5535a8e00 JavaThread "InnocuousThread-33"         daemon [_thread_in_native, id=39708, stack(0x000000eadf800000,0x000000eadf900000) (1024K)]
  0x000002d5536441d0 JavaThread "pool-2-thread-1"                   [_thread_blocked, id=32112, stack(0x000000eadfa00000,0x000000eadfb00000) (1024K)]
  0x000002d5536468e0 JavaThread "WorkspaceEventsHandler"            [_thread_blocked, id=37496, stack(0x000000eadfb00000,0x000000eadfc00000) (1024K)]
  0x000002d553645940 JavaThread "pool-1-thread-1"                   [_thread_blocked, id=41460, stack(0x000000eadfc00000,0x000000eadfd00000) (1024K)]
  0x000002d551948b60 JavaThread "ForkJoinPool.commonPool-worker-34" daemon [_thread_blocked, id=32948, stack(0x000000ead9b00000,0x000000ead9c00000) (1024K)]
  0x000002d551947bc0 JavaThread "pool-8-thread-1"                   [_thread_blocked, id=40924, stack(0x000000ead9c00000,0x000000ead9d00000) (1024K)]
  0x000002d552ababf0 JavaThread "C1 CompilerThread1"         daemon [_thread_blocked, id=1836, stack(0x000000eadb000000,0x000000eadb100000) (1024K)]
  0x000002d55f499f60 JavaThread "C2 CompilerThread1"         daemon [_thread_blocked, id=2616, stack(0x000000ead9d00000,0x000000ead9e00000) (1024K)]
  0x000002d55f498f40 JavaThread "C2 CompilerThread2"         daemon [_thread_blocked, id=6964, stack(0x000000eadaa00000,0x000000eadab00000) (1024K)]
Total: 53

Other Threads:
=>0x000002d546795400 VMThread "VM Thread"                           [id=5392, stack(0x000000eada100000,0x000000eada200000) (1024K)]
  0x000002d52c938700 WatcherThread "VM Periodic Task Thread"        [id=32152, stack(0x000000eada000000,0x000000eada100000) (1024K)]
  0x000002d52c930200 WorkerThread "GC Thread#0"                     [id=45740, stack(0x000000ead9f00000,0x000000eada000000) (1024K)]
  0x000002d54fecce40 WorkerThread "GC Thread#1"                     [id=28524, stack(0x000000eadb200000,0x000000eadb300000) (1024K)]
  0x000002d54fc425e0 WorkerThread "GC Thread#2"                     [id=12920, stack(0x000000eadb300000,0x000000eadb400000) (1024K)]
  0x000002d54fc42a10 WorkerThread "GC Thread#3"                     [id=17608, stack(0x000000eadb400000,0x000000eadb500000) (1024K)]
  0x000002d54fec1850 WorkerThread "GC Thread#4"                     [id=20964, stack(0x000000eadb600000,0x000000eadb700000) (1024K)]
  0x000002d54ff2cee0 WorkerThread "GC Thread#5"                     [id=20796, stack(0x000000eadba00000,0x000000eadbb00000) (1024K)]
  0x000002d54ff2b0b0 WorkerThread "GC Thread#6"                     [id=13212, stack(0x000000eadbd00000,0x000000eadbe00000) (1024K)]
  0x000002d54ff2b950 WorkerThread "GC Thread#7"                     [id=40252, stack(0x000000eadbe00000,0x000000eadbf00000) (1024K)]
  0x000002d550a091a0 WorkerThread "GC Thread#8"                     [id=28348, stack(0x000000eadbf00000,0x000000eadc000000) (1024K)]
  0x000002d550a095f0 WorkerThread "GC Thread#9"                     [id=12048, stack(0x000000eadc400000,0x000000eadc500000) (1024K)]
  0x000002d550a09e90 WorkerThread "GC Thread#10"                    [id=15628, stack(0x000000eadc300000,0x000000eadc400000) (1024K)]
  0x000002d550a0b420 WorkerThread "GC Thread#11"                    [id=42884, stack(0x000000eadc800000,0x000000eadc900000) (1024K)]
  0x000002d550a0ce00 WorkerThread "GC Thread#12"                    [id=24584, stack(0x000000eadca00000,0x000000eadcb00000) (1024K)]
  0x000002d550a0ec30 WorkerThread "GC Thread#13"                    [id=46004, stack(0x000000eadcb00000,0x000000eadcc00000) (1024K)]
  0x000002d550a0c110 WorkerThread "GC Thread#14"                    [id=45036, stack(0x000000eadcc00000,0x000000eadcd00000) (1024K)]
  0x000002d552391010 WorkerThread "GC Thread#15"                    [id=38408, stack(0x000000eadcf00000,0x000000eadd000000) (1024K)]
  0x000002d552390320 WorkerThread "GC Thread#16"                    [id=20716, stack(0x000000eadd000000,0x000000eadd100000) (1024K)]
  0x000002d55238e4f0 WorkerThread "GC Thread#17"                    [id=43160, stack(0x000000eadd200000,0x000000eadd300000) (1024K)]
  0x000002d55238dc50 WorkerThread "GC Thread#18"                    [id=24896, stack(0x000000eadd600000,0x000000eadd700000) (1024K)]
  0x000002d5546c5970 WorkerThread "GC Thread#19"                    [id=44064, stack(0x000000eadfd00000,0x000000eadfe00000) (1024K)]
  0x000002d5546c32a0 WorkerThread "GC Thread#20"                    [id=20668, stack(0x000000eadfe00000,0x000000eadff00000) (1024K)]
  0x000002d5546c5dc0 WorkerThread "GC Thread#21"                    [id=32256, stack(0x000000eadff00000,0x000000eae0000000) (1024K)]
  0x000002d5546c3b40 WorkerThread "GC Thread#22"                    [id=10256, stack(0x000000eae0000000,0x000000eae0100000) (1024K)]
Total: 25

Threads with active compile tasks:
C2 CompilerThread0  2153243 15754       4       java.lang.invoke.MemberName::getInvocationType (56 bytes)
C2 CompilerThread1  2153243 15760       4       java.lang.invoke.InvokerBytecodeGenerator::methodDesc (45 bytes)
C2 CompilerThread2  2153243 15769       4       java.lang.classfile.constantpool.ConstantPoolBuilder::nameAndTypeEntry (21 bytes)
Total: 3

VM state: at safepoint (normal execution)

VM Mutex/Monitor currently owned by a thread:  ([mutex/lock_event])
[0x00007ff870115b68] DumpTimeTable_lock - owner thread: 0x000002d546795400
[0x00007ff870116368] Threads_lock - owner thread: 0x000002d546795400
[0x00007ff8701164e8] Heap_lock - owner thread: 0x000002d52a3ab9a0

Heap address: 0x0000000080000000, size: 2048 MB, Compressed Oops mode: 32-bit

CDS archive(s) mapped at: [0x0000000009000000-0x0000000009dd0000-0x0000000009dd0000), size 14483456, SharedBaseAddress: 0x0000000009000000, ArchiveRelocationMode: 1.
Compressed class space mapped at: 0x000000000a000000-0x000000004a000000, reserved size: 1073741824
UseCompressedClassPointers 1, UseCompactObjectHeaders 0
Narrow klass pointer bits 32, Max shift 3
Narrow klass base: 0x0000000009000000, Narrow klass shift: 0
Encoding Range: [0x0000000009000000 - 0x0000000109000000), (4294967296 bytes)
Klass Range:    [0x0000000009010000 - 0x000000004a000000), (1090453504 bytes)
Klass ID Range:  [65536 - 1090519033) (1090453497)
Protection zone: [0x0000000009000000 - 0x0000000009010000), (65536 bytes)

GC Precious Log:
 CardTable entry size: 512
 CPUs: 32 total, 32 available
 Memory: 32677M
 Large Page Support: Disabled
 NUMA Support: Disabled
 Compressed Oops: Enabled (32-bit)
 Alignments: Space 512K, Generation 512K, Heap 2M
 Heap Min Capacity: 100M
 Heap Initial Capacity: 100M
 Heap Max Capacity: 2G
 Pre-touch: Disabled
 Parallel Workers: 23

Heap:
 PSYoungGen      total 32768K, used 16261K [0x00000000d5580000, 0x00000000d7680000, 0x0000000100000000)
  eden space 31744K, 49% used [0x00000000d5580000,0x00000000d64c3900,0x00000000d7480000)
  from space 1024K, 61% used [0x00000000d7480000,0x00000000d751dbb0,0x00000000d7580000)
  to   space 1024K, 0% used [0x00000000d7580000,0x00000000d7580000,0x00000000d7680000)
 ParOldGen       total 563200K, used 241791K [0x0000000080000000, 0x00000000a2600000, 0x00000000d5580000)
  object space 563200K, 42% used [0x0000000080000000,0x000000008ec1fcf8,0x00000000a2600000)

Card table byte_map: [0x000002d52c3a0000,0x000002d52c7a0000] _byte_map_base: 0x000002d52bfa0000

Marking Bits: (ParMarkBitMap*) 0x00007ff87011b880
 Begin Bits: [0x000002d5446b0000, 0x000002d5466b0000)

Polling page: 0x000002d52a780000

Metaspace:
Metaspace        used 67978K, committed 69824K, reserved 1114112K
 class space     used 6158K, committed 6912K, reserved 1048576K

Usage:
  Non-class:     60.37 MB used.
      Class:      6.01 MB used.
       Both:     66.38 MB used.

Virtual space:
  Non-class space:       64.00 MB reserved,      61.44 MB ( 96%) committed,  1 nodes.
      Class space:        1.00 GB reserved,       6.75 MB ( <1%) committed,  1 nodes.
             Both:        1.06 GB reserved,      68.19 MB (  6%) committed. 

Chunk freelists:
   Non-Class:  2.28 MB
       Class:  9.22 MB
        Both:  11.50 MB

MaxMetaspaceSize: unlimited
CompressedClassSpaceSize: 1.00 GB
Initial GC threshold: 21.00 MB
Current GC threshold: 97.31 MB
CDS: on
 - commit_granule_bytes: 65536.
 - commit_granule_words: 8192.
 - virtual_space_node_default_size: 8388608.
 - enlarge_chunks_in_place: 1.
UseCompressedClassPointers 1, UseCompactObjectHeaders 0
Narrow klass pointer bits 32, Max shift 3
Narrow klass base: 0x0000000009000000, Narrow klass shift: 0
Encoding Range: [0x0000000009000000 - 0x0000000109000000), (4294967296 bytes)
Klass Range:    [0x0000000009010000 - 0x000000004a000000), (1090453504 bytes)
Klass ID Range:  [65536 - 1090519033) (1090453497)
Protection zone: [0x0000000009000000 - 0x0000000009010000), (65536 bytes)


Internal statistics:

num_allocs_failed_limit: 9.
num_arena_births: 1596.
num_arena_deaths: 18.
num_vsnodes_births: 2.
num_vsnodes_deaths: 0.
num_space_committed: 1091.
num_space_uncommitted: 0.
num_chunks_returned_to_freelist: 29.
num_chunks_taken_from_freelist: 4664.
num_chunk_merges: 12.
num_chunk_splits: 2985.
num_chunks_enlarged: 1792.
num_inconsistent_stats: 0.

CodeHeap 'non-profiled nmethods': size=118912Kb used=8922Kb max_used=8922Kb free=109989Kb
 bounds [0x000002d53cfe0000, 0x000002d53d8a0000, 0x000002d544400000]
CodeHeap 'profiled nmethods': size=118848Kb used=25980Kb max_used=25980Kb free=92867Kb
 bounds [0x000002d535400000, 0x000002d536d60000, 0x000002d53c810000]
CodeHeap 'non-nmethods': size=8000Kb used=2118Kb max_used=3800Kb free=5881Kb
 bounds [0x000002d53c810000, 0x000002d53cbe0000, 0x000002d53cfe0000]
CodeCache: size=245760Kb, used=37020Kb, max_used=38702Kb, free=208737Kb
 total_blobs=15565, nmethods=14742, adapters=723, full_count=0
Compilation: enabled, stopped_count=0, restarted_count=0

Compilation events (20 events):
Event: 2152.159 Thread 0x000002d55f499f60 nmethod 15753 0x000002d53d895108 code [0x000002d53d895200, 0x000002d53d895810]
Event: 2152.159 Thread 0x000002d55f499f60 15756       4       jdk.internal.classfile.impl.UnboundAttribute$UnboundRuntimeVisibleAnnotationsAttribute::attributeName (4 bytes)
Event: 2152.159 Thread 0x000002d55f499f60 nmethod 15756 0x000002d53d895888 code [0x000002d53d895980, 0x000002d53d895a00]
Event: 2152.159 Thread 0x000002d55f499f60 15760       4       java.lang.invoke.InvokerBytecodeGenerator::methodDesc (45 bytes)
Event: 2152.159 Thread 0x000002d552ababf0 15761       3       java.util.ArrayList::addAll (111 bytes)
Event: 2152.159 Thread 0x000002d52c9257e0 15762       3       java.lang.invoke.ClassSpecializer$Factory$1$1Var::isInHeap (13 bytes)
Event: 2152.160 Thread 0x000002d52c9257e0 nmethod 15762 0x000002d536d5b788 code [0x000002d536d5b880, 0x000002d536d5b9d8]
Event: 2152.160 Thread 0x000002d52c9257e0 15763       3       java.lang.invoke.ClassSpecializer$Factory$1$1Var::nextIndex (18 bytes)
Event: 2152.160 Thread 0x000002d52c9257e0 nmethod 15763 0x000002d536d5ba88 code [0x000002d536d5bb80, 0x000002d536d5bf18]
Event: 2152.160 Thread 0x000002d52c9257e0 15764       3       java.lang.invoke.ClassSpecializer$Factory$1$1Var::<init> (137 bytes)
Event: 2152.160 Thread 0x000002d552ababf0 nmethod 15761 0x000002d536d5bf88 code [0x000002d536d5c080, 0x000002d536d5c7e8]
Event: 2152.160 Thread 0x000002d552ababf0 15765       3       java.lang.invoke.ClassSpecializer$Factory$1$1Var::nextSlotIndex (24 bytes)
Event: 2152.160 Thread 0x000002d552ababf0 nmethod 15765 0x000002d536d5c808 code [0x000002d536d5c900, 0x000002d536d5cc80]
Event: 2152.160 Thread 0x000002d552ababf0 15766       3       java.lang.invoke.ClassSpecializer$Factory$1$1Var::emitLoadInstruction (19 bytes)
Event: 2152.160 Thread 0x000002d552ababf0 nmethod 15766 0x000002d536d5cc88 code [0x000002d536d5cd80, 0x000002d536d5cf30]
Event: 2152.160 Thread 0x000002d552ababf0 15768       3       jdk.internal.classfile.impl.DirectCodeBuilder::getfield (22 bytes)
Event: 2152.160 Thread 0x000002d552ababf0 nmethod 15768 0x000002d536d5cf88 code [0x000002d536d5d080, 0x000002d536d5d550]
Event: 2152.160 Thread 0x000002d52c9257e0 nmethod 15764 0x000002d536d5d588 code [0x000002d536d5d680, 0x000002d536d5f1b8]
Event: 2152.160 Thread 0x000002d55f498f40 nmethod 15749 0x000002d53d895b88 code [0x000002d53d895ca0, 0x000002d53d896878]
Event: 2152.160 Thread 0x000002d55f498f40 15769       4       java.lang.classfile.constantpool.ConstantPoolBuilder::nameAndTypeEntry (21 bytes)

GC Heap Usage History (20 events):
Event: 41.851 {heap Before GC invocations=247 (full 3):
 PSYoungGen      total 32768K, used 32480K [0x00000000d5580000, 0x00000000d7680000, 0x0000000100000000)
  eden space 31744K, 100% used [0x00000000d5580000,0x00000000d7480000,0x00000000d7480000)
  from space 1024K, 71% used [0x00000000d7480000,0x00000000d7538000,0x00000000d7580000)
  to   space 1024K, 0% used [0x00000000d7580000,0x00000000d7580000,0x00000000d7680000)
 ParOldGen       total 563200K, used 240031K [0x0000000080000000, 0x00000000a2600000, 0x00000000d558Event: 41.851 {heap After GC invocations=247 (full 3):
 PSYoungGen      total 32768K, used 608K [0x00000000d5580000, 0x00000000d7680000, 0x0000000100000000)
  eden space 31744K, 0% used [0x00000000d5580000,0x00000000d5580000,0x00000000d7480000)
  from space 1024K, 59% used [0x00000000d7580000,0x00000000d7618000,0x00000000d7680000)
  to   space 1024K, 0% used [0x00000000d7480000,0x00000000d7480000,0x00000000d7580000)
 ParOldGen       total 563200K, used 240031K [0x0000000080000000, 0x00000000a2600000, 0x00000000d5580000)Event: 41.892 {heap Before GC invocations=248 (full 3):
 PSYoungGen      total 32768K, used 32352K [0x00000000d5580000, 0x00000000d7680000, 0x0000000100000000)
  eden space 31744K, 100% used [0x00000000d5580000,0x00000000d7480000,0x00000000d7480000)
  from space 1024K, 59% used [0x00000000d7580000,0x00000000d7618000,0x00000000d7680000)
  to   space 1024K, 0% used [0x00000000d7480000,0x00000000d7480000,0x00000000d7580000)
 ParOldGen       total 563200K, used 240031K [0x0000000080000000, 0x00000000a2600000, 0x00000000d558Event: 41.893 {heap After GC invocations=248 (full 3):
 PSYoungGen      total 32768K, used 736K [0x00000000d5580000, 0x00000000d7680000, 0x0000000100000000)
  eden space 31744K, 0% used [0x00000000d5580000,0x00000000d5580000,0x00000000d7480000)
  from space 1024K, 71% used [0x00000000d7480000,0x00000000d7538000,0x00000000d7580000)
  to   space 1024K, 0% used [0x00000000d7580000,0x00000000d7580000,0x00000000d7680000)
 ParOldGen       total 563200K, used 240031K [0x0000000080000000, 0x00000000a2600000, 0x00000000d5580000)Event: 41.944 {heap Before GC invocations=249 (full 3):
 PSYoungGen      total 32768K, used 32480K [0x00000000d5580000, 0x00000000d7680000, 0x0000000100000000)
  eden space 31744K, 100% used [0x00000000d5580000,0x00000000d7480000,0x00000000d7480000)
  from space 1024K, 71% used [0x00000000d7480000,0x00000000d7538000,0x00000000d7580000)
  to   space 1024K, 0% used [0x00000000d7580000,0x00000000d7580000,0x00000000d7680000)
 ParOldGen       total 563200K, used 240031K [0x0000000080000000, 0x00000000a2600000, 0x00000000d558Event: 41.945 {heap After GC invocations=249 (full 3):
 PSYoungGen      total 32768K, used 736K [0x00000000d5580000, 0x00000000d7680000, 0x0000000100000000)
  eden space 31744K, 0% used [0x00000000d5580000,0x00000000d5580000,0x00000000d7480000)
  from space 1024K, 71% used [0x00000000d7580000,0x00000000d7638000,0x00000000d7680000)
  to   space 1024K, 0% used [0x00000000d7480000,0x00000000d7480000,0x00000000d7580000)
 ParOldGen       total 563200K, used 240031K [0x0000000080000000, 0x00000000a2600000, 0x00000000d5580000)Event: 42.013 {heap Before GC invocations=250 (full 3):
 PSYoungGen      total 32768K, used 32480K [0x00000000d5580000, 0x00000000d7680000, 0x0000000100000000)
  eden space 31744K, 100% used [0x00000000d5580000,0x00000000d7480000,0x00000000d7480000)
  from space 1024K, 71% used [0x00000000d7580000,0x00000000d7638000,0x00000000d7680000)
  to   space 1024K, 0% used [0x00000000d7480000,0x00000000d7480000,0x00000000d7580000)
 ParOldGen       total 563200K, used 240031K [0x0000000080000000, 0x00000000a2600000, 0x00000000d558Event: 42.014 {heap After GC invocations=250 (full 3):
 PSYoungGen      total 32768K, used 736K [0x00000000d5580000, 0x00000000d7680000, 0x0000000100000000)
  eden space 31744K, 0% used [0x00000000d5580000,0x00000000d5580000,0x00000000d7480000)
  from space 1024K, 71% used [0x00000000d7480000,0x00000000d7538000,0x00000000d7580000)
  to   space 1024K, 0% used [0x00000000d7580000,0x00000000d7580000,0x00000000d7680000)
 ParOldGen       total 563200K, used 240031K [0x0000000080000000, 0x00000000a2600000, 0x00000000d5580000)Event: 42.065 {heap Before GC invocations=251 (full 3):
 PSYoungGen      total 32768K, used 32480K [0x00000000d5580000, 0x00000000d7680000, 0x0000000100000000)
  eden space 31744K, 100% used [0x00000000d5580000,0x00000000d7480000,0x00000000d7480000)
  from space 1024K, 71% used [0x00000000d7480000,0x00000000d7538000,0x00000000d7580000)
  to   space 1024K, 0% used [0x00000000d7580000,0x00000000d7580000,0x00000000d7680000)
 ParOldGen       total 563200K, used 240031K [0x0000000080000000, 0x00000000a2600000, 0x00000000d558Event: 42.066 {heap After GC invocations=251 (full 3):
 PSYoungGen      total 32768K, used 736K [0x00000000d5580000, 0x00000000d7680000, 0x0000000100000000)
  eden space 31744K, 0% used [0x00000000d5580000,0x00000000d5580000,0x00000000d7480000)
  from space 1024K, 71% used [0x00000000d7580000,0x00000000d7638000,0x00000000d7680000)
  to   space 1024K, 0% used [0x00000000d7480000,0x00000000d7480000,0x00000000d7580000)
 ParOldGen       total 563200K, used 240031K [0x0000000080000000, 0x00000000a2600000, 0x00000000d5580000)Event: 42.110 {heap Before GC invocations=252 (full 3):
 PSYoungGen      total 32768K, used 32480K [0x00000000d5580000, 0x00000000d7680000, 0x0000000100000000)
  eden space 31744K, 100% used [0x00000000d5580000,0x00000000d7480000,0x00000000d7480000)
  from space 1024K, 71% used [0x00000000d7580000,0x00000000d7638000,0x00000000d7680000)
  to   space 1024K, 0% used [0x00000000d7480000,0x00000000d7480000,0x00000000d7580000)
 ParOldGen       total 563200K, used 240031K [0x0000000080000000, 0x00000000a2600000, 0x00000000d558Event: 42.110 {heap After GC invocations=252 (full 3):
 PSYoungGen      total 32768K, used 736K [0x00000000d5580000, 0x00000000d7680000, 0x0000000100000000)
  eden space 31744K, 0% used [0x00000000d5580000,0x00000000d5580000,0x00000000d7480000)
  from space 1024K, 71% used [0x00000000d7480000,0x00000000d7538000,0x00000000d7580000)
  to   space 1024K, 0% used [0x00000000d7580000,0x00000000d7580000,0x00000000d7680000)
 ParOldGen       total 563200K, used 240031K [0x0000000080000000, 0x00000000a2600000, 0x00000000d5580000)Event: 42.159 {heap Before GC invocations=253 (full 3):
 PSYoungGen      total 32768K, used 32480K [0x00000000d5580000, 0x00000000d7680000, 0x0000000100000000)
  eden space 31744K, 100% used [0x00000000d5580000,0x00000000d7480000,0x00000000d7480000)
  from space 1024K, 71% used [0x00000000d7480000,0x00000000d7538000,0x00000000d7580000)
  to   space 1024K, 0% used [0x00000000d7580000,0x00000000d7580000,0x00000000d7680000)
 ParOldGen       total 563200K, used 240031K [0x0000000080000000, 0x00000000a2600000, 0x00000000d558Event: 42.160 {heap After GC invocations=253 (full 3):
 PSYoungGen      total 32768K, used 736K [0x00000000d5580000, 0x00000000d7680000, 0x0000000100000000)
  eden space 31744K, 0% used [0x00000000d5580000,0x00000000d5580000,0x00000000d7480000)
  from space 1024K, 71% used [0x00000000d7580000,0x00000000d7638000,0x00000000d7680000)
  to   space 1024K, 0% used [0x00000000d7480000,0x00000000d7480000,0x00000000d7580000)
 ParOldGen       total 563200K, used 240031K [0x0000000080000000, 0x00000000a2600000, 0x00000000d5580000)Event: 42.334 {heap Before GC invocations=254 (full 3):
 PSYoungGen      total 32768K, used 32480K [0x00000000d5580000, 0x00000000d7680000, 0x0000000100000000)
  eden space 31744K, 100% used [0x00000000d5580000,0x00000000d7480000,0x00000000d7480000)
  from space 1024K, 71% used [0x00000000d7580000,0x00000000d7638000,0x00000000d7680000)
  to   space 1024K, 0% used [0x00000000d7480000,0x00000000d7480000,0x00000000d7580000)
 ParOldGen       total 563200K, used 240031K [0x0000000080000000, 0x00000000a2600000, 0x00000000d558Event: 42.335 {heap After GC invocations=254 (full 3):
 PSYoungGen      total 32256K, used 1024K [0x00000000d5580000, 0x00000000d7700000, 0x0000000100000000)
  eden space 31232K, 0% used [0x00000000d5580000,0x00000000d5580000,0x00000000d7400000)
  from space 1024K, 100% used [0x00000000d7480000,0x00000000d7580000,0x00000000d7580000)
  to   space 1536K, 0% used [0x00000000d7580000,0x00000000d7580000,0x00000000d7700000)
 ParOldGen       total 563200K, used 240319K [0x0000000080000000, 0x00000000a2600000, 0x00000000d558000Event: 2151.289 {heap Before GC invocations=255 (full 3):
 PSYoungGen      total 32256K, used 32248K [0x00000000d5580000, 0x00000000d7700000, 0x0000000100000000)
  eden space 31232K, 99% used [0x00000000d5580000,0x00000000d73fe000,0x00000000d7400000)
  from space 1024K, 100% used [0x00000000d7480000,0x00000000d7580000,0x00000000d7580000)
  to   space 1536K, 0% used [0x00000000d7580000,0x00000000d7580000,0x00000000d7700000)
 ParOldGen       total 563200K, used 240319K [0x0000000080000000, 0x00000000a2600000, 0x00000000d558Event: 2151.290 {heap After GC invocations=255 (full 3):
 PSYoungGen      total 32768K, used 768K [0x00000000d5580000, 0x00000000d7680000, 0x0000000100000000)
  eden space 31744K, 0% used [0x00000000d5580000,0x00000000d5580000,0x00000000d7480000)
  from space 1024K, 75% used [0x00000000d7580000,0x00000000d7640020,0x00000000d7680000)
  to   space 1024K, 0% used [0x00000000d7480000,0x00000000d7480000,0x00000000d7580000)
 ParOldGen       total 563200K, used 241407K [0x0000000080000000, 0x00000000a2600000, 0x00000000d5580000)Event: 2152.140 {heap Before GC invocations=256 (full 3):
 PSYoungGen      total 32768K, used 32512K [0x00000000d5580000, 0x00000000d7680000, 0x0000000100000000)
  eden space 31744K, 100% used [0x00000000d5580000,0x00000000d7480000,0x00000000d7480000)
  from space 1024K, 75% used [0x00000000d7580000,0x00000000d7640020,0x00000000d7680000)
  to   space 1024K, 0% used [0x00000000d7480000,0x00000000d7480000,0x00000000d7580000)
 ParOldGen       total 563200K, used 241407K [0x0000000080000000, 0x00000000a2600000, 0x00000000d558Event: 2152.141 {heap After GC invocations=256 (full 3):
 PSYoungGen      total 32768K, used 630K [0x00000000d5580000, 0x00000000d7680000, 0x0000000100000000)
  eden space 31744K, 0% used [0x00000000d5580000,0x00000000d5580000,0x00000000d7480000)
  from space 1024K, 61% used [0x00000000d7480000,0x00000000d751dbb0,0x00000000d7580000)
  to   space 1024K, 0% used [0x00000000d7580000,0x00000000d7580000,0x00000000d7680000)
 ParOldGen       total 563200K, used 241791K [0x0000000080000000, 0x00000000a2600000, 0x00000000d5580000)
Metaspace Usage History (20 events):
Event: 41.851 {metaspace Before GC invocations=247 (full 3):
 Metaspace       used 65993K, committed 67456K, reserved 1114112K
  class space    used 5860K, committed 6464K, reserved 1048576K
}
Event: 41.851 {metaspace After GC invocations=247 (full 3):
 Metaspace       used 65993K, committed 67456K, reserved 1114112K
  class space    used 5860K, committed 6464K, reserved 1048576K
}
Event: 41.892 {metaspace Before GC invocations=248 (full 3):
 Metaspace       used 65993K, committed 67456K, reserved 1114112K
  class space    used 5860K, committed 6464K, reserved 1048576K
}
Event: 41.893 {metaspace After GC invocations=248 (full 3):
 Metaspace       used 65993K, committed 67456K, reserved 1114112K
  class space    used 5860K, committed 6464K, reserved 1048576K
}
Event: 41.944 {metaspace Before GC invocations=249 (full 3):
 Metaspace       used 65993K, committed 67456K, reserved 1114112K
  class space    used 5860K, committed 6464K, reserved 1048576K
}
Event: 41.945 {metaspace After GC invocations=249 (full 3):
 Metaspace       used 65993K, committed 67456K, reserved 1114112K
  class space    used 5860K, committed 6464K, reserved 1048576K
}
Event: 42.013 {metaspace Before GC invocations=250 (full 3):
 Metaspace       used 65993K, committed 67456K, reserved 1114112K
  class space    used 5860K, committed 6464K, reserved 1048576K
}
Event: 42.014 {metaspace After GC invocations=250 (full 3):
 Metaspace       used 65993K, committed 67456K, reserved 1114112K
  class space    used 5860K, committed 6464K, reserved 1048576K
}
Event: 42.065 {metaspace Before GC invocations=251 (full 3):
 Metaspace       used 65993K, committed 67456K, reserved 1114112K
  class space    used 5860K, committed 6464K, reserved 1048576K
}
Event: 42.066 {metaspace After GC invocations=251 (full 3):
 Metaspace       used 65993K, committed 67456K, reserved 1114112K
  class space    used 5860K, committed 6464K, reserved 1048576K
}
Event: 42.110 {metaspace Before GC invocations=252 (full 3):
 Metaspace       used 65993K, committed 67456K, reserved 1114112K
  class space    used 5860K, committed 6464K, reserved 1048576K
}
Event: 42.110 {metaspace After GC invocations=252 (full 3):
 Metaspace       used 65993K, committed 67456K, reserved 1114112K
  class space    used 5860K, committed 6464K, reserved 1048576K
}
Event: 42.159 {metaspace Before GC invocations=253 (full 3):
 Metaspace       used 65993K, committed 67456K, reserved 1114112K
  class space    used 5860K, committed 6464K, reserved 1048576K
}
Event: 42.160 {metaspace After GC invocations=253 (full 3):
 Metaspace       used 65993K, committed 67456K, reserved 1114112K
  class space    used 5860K, committed 6464K, reserved 1048576K
}
Event: 42.334 {metaspace Before GC invocations=254 (full 3):
 Metaspace       used 66012K, committed 67456K, reserved 1114112K
  class space    used 5861K, committed 6464K, reserved 1048576K
}
Event: 42.335 {metaspace After GC invocations=254 (full 3):
 Metaspace       used 66012K, committed 67456K, reserved 1114112K
  class space    used 5861K, committed 6464K, reserved 1048576K
}
Event: 2151.289 {metaspace Before GC invocations=255 (full 3):
 Metaspace       used 66613K, committed 67968K, reserved 1114112K
  class space    used 5925K, committed 6464K, reserved 1048576K
}
Event: 2151.290 {metaspace After GC invocations=255 (full 3):
 Metaspace       used 66613K, committed 67968K, reserved 1114112K
  class space    used 5925K, committed 6464K, reserved 1048576K
}
Event: 2152.140 {metaspace Before GC invocations=256 (full 3):
 Metaspace       used 67497K, committed 69056K, reserved 1114112K
  class space    used 6074K, committed 6720K, reserved 1048576K
}
Event: 2152.141 {metaspace After GC invocations=256 (full 3):
 Metaspace       used 67497K, committed 69056K, reserved 1114112K
  class space    used 6074K, committed 6720K, reserved 1048576K
}

Dll operation events (10 events):
Event: 0.037 Loaded shared library C:\Users\W.Y.Park\.jdks\temurin-25.0.1\bin\java.dll
Event: 0.057 Loaded shared library C:\Users\W.Y.Park\.jdks\temurin-25.0.1\bin\zip.dll
Event: 0.116 Loaded shared library C:\Users\W.Y.Park\.jdks\temurin-25.0.1\bin\instrument.dll
Event: 0.122 Loaded shared library C:\Users\W.Y.Park\.jdks\temurin-25.0.1\bin\net.dll
Event: 0.128 Loaded shared library C:\Users\W.Y.Park\.jdks\temurin-25.0.1\bin\nio.dll
Event: 0.131 Loaded shared library C:\Users\W.Y.Park\.jdks\temurin-25.0.1\bin\zip.dll
Event: 0.148 Loaded shared library C:\Users\W.Y.Park\.jdks\temurin-25.0.1\bin\jimage.dll
Event: 0.252 Loaded shared library C:\Users\W.Y.Park\.jdks\temurin-25.0.1\bin\verify.dll
Event: 1.162 Loaded shared library C:\Users\W.Y.Park\AppData\Roaming\Code - Insiders\User\globalStorage\redhat.java\1.50.0\config_win\org.eclipse.equinox.launcher\org.eclipse.equinox.launcher.win32.win32.x86_64_1.2.1400.v20250801-0854\eclipse_11916.dll
Event: 2.220 Loaded shared library C:\Users\W.Y.Park\AppData\Local\Temp\jna-1769096694\jna8623039034186920367.dll

Deoptimization events (20 events):
Event: 2152.090 Thread 0x000002d54fdfd3a0 Uncommon trap: trap_request=0xffffff6e fr.pc=0x000002d53d869680 relative=0x0000000000000800
Event: 2152.090 Thread 0x000002d54fdfd3a0 Uncommon trap: reason=predicate action=maybe_recompile pc=0x000002d53d869680 method=org.eclipse.osgi.framework.eventmgr.EventManager.dispatchEvent(Ljava/util/Set;Lorg/eclipse/osgi/framework/eventmgr/EventDispatcher;ILjava/lang/Object;)V @ 65 c2
Event: 2152.090 Thread 0x000002d54fdfd3a0 DEOPT PACKING pc=0x000002d53d869680 sp=0x000000eadb7ff320
Event: 2152.090 Thread 0x000002d54fdfd3a0 DEOPT UNPACKING pc=0x000002d53c928d82 sp=0x000000eadb7ff2c8 mode 2
Event: 2152.128 Thread 0x000002d52a3ab9a0 Uncommon trap: trap_request=0xffffff45 fr.pc=0x000002d53d14a674 relative=0x0000000000000074
Event: 2152.128 Thread 0x000002d52a3ab9a0 Uncommon trap: reason=unstable_if action=reinterpret pc=0x000002d53d14a674 method=java.lang.invoke.LambdaForm$BasicType.basicType(C)Ljava/lang/invoke/LambdaForm$BasicType; @ 1 c2
Event: 2152.128 Thread 0x000002d52a3ab9a0 DEOPT PACKING pc=0x000002d53d14a674 sp=0x000000ead9efdd30
Event: 2152.128 Thread 0x000002d52a3ab9a0 DEOPT UNPACKING pc=0x000002d53c928d82 sp=0x000000ead9efdcc8 mode 2
Event: 2152.128 Thread 0x000002d52a3ab9a0 Uncommon trap: trap_request=0xffffff45 fr.pc=0x000002d53d7243c8 relative=0x00000000000008c8
Event: 2152.128 Thread 0x000002d52a3ab9a0 Uncommon trap: reason=unstable_if action=reinterpret pc=0x000002d53d7243c8 method=java.lang.invoke.LambdaForm$BasicType.basicType(C)Ljava/lang/invoke/LambdaForm$BasicType; @ 1 c2
Event: 2152.128 Thread 0x000002d52a3ab9a0 DEOPT PACKING pc=0x000002d53d7243c8 sp=0x000000ead9efdc80
Event: 2152.128 Thread 0x000002d52a3ab9a0 DEOPT UNPACKING pc=0x000002d53c928d82 sp=0x000000ead9efda80 mode 2
Event: 2152.130 Thread 0x000002d52a3ab9a0 Uncommon trap: trap_request=0xffffff45 fr.pc=0x000002d53d6aa9a0 relative=0x0000000000000e00
Event: 2152.130 Thread 0x000002d52a3ab9a0 Uncommon trap: reason=unstable_if action=reinterpret pc=0x000002d53d6aa9a0 method=jdk.internal.classfile.impl.SplitConstantPool.findEntry(ILjdk/internal/classfile/impl/AbstractPoolEntry;Ljdk/internal/classfile/impl/AbstractPoolEntry;)Ljdk/internal/classfi
Event: 2152.130 Thread 0x000002d52a3ab9a0 DEOPT PACKING pc=0x000002d53d6aa9a0 sp=0x000000ead9efd5b0
Event: 2152.130 Thread 0x000002d52a3ab9a0 DEOPT UNPACKING pc=0x000002d53c928d82 sp=0x000000ead9efd468 mode 2
Event: 2152.130 Thread 0x000002d52a3ab9a0 Uncommon trap: trap_request=0xffffff45 fr.pc=0x000002d53d264b0c relative=0x00000000000005ec
Event: 2152.130 Thread 0x000002d52a3ab9a0 Uncommon trap: reason=unstable_if action=reinterpret pc=0x000002d53d264b0c method=jdk.internal.classfile.impl.SplitConstantPool.findEntry(ILjdk/internal/classfile/impl/AbstractPoolEntry;Ljdk/internal/classfile/impl/AbstractPoolEntry;)Ljdk/internal/classfi
Event: 2152.130 Thread 0x000002d52a3ab9a0 DEOPT PACKING pc=0x000002d53d264b0c sp=0x000000ead9efd480
Event: 2152.130 Thread 0x000002d52a3ab9a0 DEOPT UNPACKING pc=0x000002d53c928d82 sp=0x000000ead9efd420 mode 2

Classes loaded (20 events):
Event: 2151.353 Loading class java/util/zip/Deflater
Event: 2151.353 Loading class java/util/zip/Deflater done
Event: 2151.354 Loading class java/util/zip/Deflater$DeflaterZStreamRef
Event: 2151.355 Loading class java/util/zip/Deflater$DeflaterZStreamRef done
Event: 2151.392 Loading class java/util/Collections$EmptyListIterator
Event: 2151.392 Loading class java/util/Collections$EmptyListIterator done
Event: 2151.460 Loading class java/lang/Throwable$WrappedPrintWriter
Event: 2151.460 Loading class java/lang/Throwable$PrintStreamOrWriter
Event: 2151.460 Loading class java/lang/Throwable$PrintStreamOrWriter done
Event: 2151.460 Loading class java/lang/Throwable$WrappedPrintWriter done
Event: 2152.005 Loading class javax/security/auth/login/Configuration
Event: 2152.005 Loading class javax/security/auth/login/Configuration done
Event: 2152.114 Loading class java/lang/invoke/GenerateJLIClassesHelper
Event: 2152.114 Loading class java/lang/invoke/GenerateJLIClassesHelper done
Event: 2152.114 Loading class java/lang/invoke/GenerateJLIClassesHelper$HolderClassBuilder
Event: 2152.114 Loading class java/lang/invoke/GenerateJLIClassesHelper$HolderClassBuilder done
Event: 2152.138 Loading class java/lang/invoke/BoundMethodHandle$Species_J
Event: 2152.138 Loading class java/lang/invoke/BoundMethodHandle$Species_J done
Event: 2152.152 Loading class java/lang/invoke/BoundMethodHandle$Species_F
Event: 2152.152 Loading class java/lang/invoke/BoundMethodHandle$Species_F done

Classes unloaded (9 events):
Event: 2.508 Thread 0x000002d546795400 Unloading class 0x000000000a146000 'java/lang/invoke/LambdaForm$MH+0x000000000a146000'
Event: 2.508 Thread 0x000002d546795400 Unloading class 0x000000000a145c00 'java/lang/invoke/LambdaForm$MH+0x000000000a145c00'
Event: 2.508 Thread 0x000002d546795400 Unloading class 0x000000000a145800 'java/lang/invoke/LambdaForm$MH+0x000000000a145800'
Event: 2.508 Thread 0x000002d546795400 Unloading class 0x000000000a145400 'java/lang/invoke/LambdaForm$MH+0x000000000a145400'
Event: 2.508 Thread 0x000002d546795400 Unloading class 0x000000000a145000 'java/lang/invoke/LambdaForm$BMH+0x000000000a145000'
Event: 2.508 Thread 0x000002d546795400 Unloading class 0x000000000a144c00 'java/lang/invoke/LambdaForm$DMH+0x000000000a144c00'
Event: 2.508 Thread 0x000002d546795400 Unloading class 0x000000000a143400 'java/lang/invoke/LambdaForm$DMH+0x000000000a143400'
Event: 25.440 Thread 0x000002d546795400 Unloading class 0x000000000a504c00 'java/lang/invoke/LambdaForm$DMH+0x000000000a504c00'
Event: 25.440 Thread 0x000002d546795400 Unloading class 0x000000000a504800 'java/lang/invoke/LambdaForm$DMH+0x000000000a504800'

Classes redefined (0 events):
No events

Internal exceptions (20 events):
Event: 2152.156 Thread 0x000002d52a3ab9a0 Exception <a 'java/lang/NoSuchMethodError'{0x00000000d605f7c0}: 'void java.lang.invoke.Invokers$Holder.invoke_MT(java.lang.Object, java.lang.Object, java.lang.Object)'> (0x00000000d605f7c0) 
thrown [s\src\hotspot\share\interpreter\linkResolver.cpp, line 804]
Event: 2152.156 Thread 0x000002d52a3ab9a0 Exception <a 'java/lang/NoSuchMethodError'{0x00000000d60682e0}: 'void java.lang.invoke.Invokers$Holder.invoke_MT(java.lang.Object, java.lang.Object, java.lang.Object, java.lang.Object)'> (0x00000000d60682e0) 
thrown [s\src\hotspot\share\interpreter\linkResolver.cpp, line 804]
Event: 2152.156 Thread 0x000002d52a3ab9a0 Exception <a 'java/lang/NoSuchMethodError'{0x00000000d60707e0}: 'java.lang.Object java.lang.invoke.Invokers$Holder.invoke_MT(java.lang.Object, java.lang.Object, java.lang.Object, java.lang.Object, java.lang.Object)'> (0x00000000d60707e0) 
thrown [s\src\hotspot\share\interpreter\linkResolver.cpp, line 804]
Event: 2152.156 Thread 0x000002d52a3ab9a0 Exception <a 'java/lang/NoSuchMethodError'{0x00000000d6078f08}: 'java.lang.Object java.lang.invoke.Invokers$Holder.invoke_MT(java.lang.Object, int, java.lang.Object)'> (0x00000000d6078f08) 
thrown [s\src\hotspot\share\interpreter\linkResolver.cpp, line 804]
Event: 2152.157 Thread 0x000002d52a3ab9a0 Exception <a 'java/lang/NoSuchMethodError'{0x00000000d6081368}: 'void java.lang.invoke.Invokers$Holder.invoke_MT(java.lang.Object, java.lang.Object, int, java.lang.Object)'> (0x00000000d6081368) 
thrown [s\src\hotspot\share\interpreter\linkResolver.cpp, line 804]
Event: 2152.157 Thread 0x000002d52a3ab9a0 Exception <a 'java/lang/NoSuchMethodError'{0x00000000d6089b88}: 'long java.lang.invoke.Invokers$Holder.invoke_MT(java.lang.Object, java.lang.Object)'> (0x00000000d6089b88) 
thrown [s\src\hotspot\share\interpreter\linkResolver.cpp, line 804]
Event: 2152.157 Thread 0x000002d52a3ab9a0 Exception <a 'java/lang/NoSuchMethodError'{0x00000000d6095e60}: 'java.lang.Object java.lang.invoke.Invokers$Holder.linkToCallSite(int, int, int, java.lang.Object)'> (0x00000000d6095e60) 
thrown [s\src\hotspot\share\interpreter\linkResolver.cpp, line 804]
Event: 2152.157 Thread 0x000002d52a3ab9a0 Exception <a 'java/lang/NoSuchMethodError'{0x00000000d609e728}: 'java.lang.Object java.lang.invoke.Invokers$Holder.linkToCallSite(int, java.lang.Object, java.lang.Object, java.lang.Object)'> (0x00000000d609e728) 
thrown [s\src\hotspot\share\interpreter\linkResolver.cpp, line 804]
Event: 2152.157 Thread 0x000002d52a3ab9a0 Exception <a 'java/lang/NoSuchMethodError'{0x00000000d60aa798}: 'java.lang.Object java.lang.invoke.Invokers$Holder.linkToCallSite(java.lang.Object, java.lang.Object, java.lang.Object, int, java.lang.Object, java.lang.Object, java.lang.Object)'> (0x00000000d60aa798) 
thrown [s\src\hotspot\share\interpreter\linkResolver.cpp, line 804]
Event: 2152.157 Thread 0x000002d52a3ab9a0 Exception <a 'java/lang/NoSuchMethodError'{0x00000000d60aece8}: 'java.lang.Object java.lang.invoke.Invokers$Holder.linkToCallSite(java.lang.Object, java.lang.Object, java.lang.Object, int, java.lang.Object, java.lang.Object)'> (0x00000000d60aece8) 
thrown [s\src\hotspot\share\interpreter\linkResolver.cpp, line 804]
Event: 2152.157 Thread 0x000002d52a3ab9a0 Exception <a 'java/lang/NoSuchMethodError'{0x00000000d60be4c0}: 'java.lang.Object java.lang.invoke.Invokers$Holder.linkToCallSite(java.lang.Object, java.lang.Object, java.lang.Object, java.lang.Object, java.lang.Object, java.lang.Object, java.lang.Object, java.lang.Object, java.lang.Object, int, java.lang.Object, java.lang.Object, java.lang.Object, java.lang.Object)'> (0x00000000d60be4c0) 
thrown [s\src\hotspot\share\interpreter\linkResolver.cpp, line 804]
Event: 2152.157 Thread 0x000002d52a3ab9a0 Exception <a 'java/lang/NoSuchMethodError'{0x00000000d60c9c78}: 'java.lang.Object java.lang.invoke.Invokers$Holder.linkToCallSite(java.lang.Object, int, int, java.lang.Object, java.lang.Object)'> (0x00000000d60c9c78) 
thrown [s\src\hotspot\share\interpreter\linkResolver.cpp, line 804]
Event: 2152.158 Thread 0x000002d52a3ab9a0 Exception <a 'java/lang/NoSuchMethodError'{0x00000000d60d1f90}: 'java.lang.Object java.lang.invoke.Invokers$Holder.linkToCallSite(java.lang.Object, int, java.lang.Object, java.lang.Object, java.lang.Object)'> (0x00000000d60d1f90) 
thrown [s\src\hotspot\share\interpreter\linkResolver.cpp, line 804]
Event: 2152.158 Thread 0x000002d52a3ab9a0 Exception <a 'java/lang/NoSuchMethodError'{0x00000000d60da398}: 'java.lang.Object java.lang.invoke.Invokers$Holder.linkToCallSite(java.lang.Object, int, java.lang.Object, int, java.lang.Object, java.lang.Object)'> (0x00000000d60da398) 
thrown [s\src\hotspot\share\interpreter\linkResolver.cpp, line 804]
Event: 2152.158 Thread 0x000002d52a3ab9a0 Exception <a 'java/lang/NoSuchMethodError'{0x00000000d60e2948}: 'java.lang.Object java.lang.invoke.Invokers$Holder.linkToCallSite(java.lang.Object, int, java.lang.Object, java.lang.Object)'> (0x00000000d60e2948) 
thrown [s\src\hotspot\share\interpreter\linkResolver.cpp, line 804]
Event: 2152.158 Thread 0x000002d52a3ab9a0 Exception <a 'java/lang/NoSuchMethodError'{0x00000000d60eb590}: 'java.lang.Object java.lang.invoke.Invokers$Holder.linkToCallSite(java.lang.Object, long, java.lang.Object, java.lang.Object)'> (0x00000000d60eb590) 
thrown [s\src\hotspot\share\interpreter\linkResolver.cpp, line 804]
Event: 2152.158 Thread 0x000002d52a3ab9a0 Exception <a 'java/lang/NoSuchMethodError'{0x00000000d60f3838}: 'java.lang.Object java.lang.invoke.Invokers$Holder.linkToCallSite(java.lang.Object, long, java.lang.Object)'> (0x00000000d60f3838) 
thrown [s\src\hotspot\share\interpreter\linkResolver.cpp, line 804]
Event: 2152.158 Thread 0x000002d52a3ab9a0 Exception <a 'java/lang/NoSuchMethodError'{0x00000000d60fba98}: 'java.lang.Object java.lang.invoke.Invokers$Holder.linkToCallSite(java.lang.Object, java.lang.Object, int, java.lang.Object, java.lang.Object)'> (0x00000000d60fba98) 
thrown [s\src\hotspot\share\interpreter\linkResolver.cpp, line 804]
Event: 2152.158 Thread 0x000002d52a3ab9a0 Exception <a 'java/lang/NoSuchMethodError'{0x00000000d6103de0}: 'java.lang.Object java.lang.invoke.Invokers$Holder.linkToCallSite(java.lang.Object, java.lang.Object, int, java.lang.Object)'> (0x00000000d6103de0) 
thrown [s\src\hotspot\share\interpreter\linkResolver.cpp, line 804]
Event: 2152.158 Thread 0x000002d52a3ab9a0 Exception <a 'java/lang/NoSuchMethodError'{0x00000000d610c330}: 'java.lang.Object java.lang.invoke.Invokers$Holder.linkToCallSite(java.lang.Object, java.lang.Object, long, java.lang.Object)'> (0x00000000d610c330) 
thrown [s\src\hotspot\share\interpreter\linkResolver.cpp, line 804]

VM Operations (20 events):
Event: 2103.347 Executing non-safepoint VM operation: HandshakeAllThreads (HandshakeForDeflation) done
Event: 2103.347 Executing non-safepoint VM operation: RendezvousGCThreads
Event: 2103.347 Executing non-safepoint VM operation: RendezvousGCThreads done
Event: 2151.289 Executing safepoint VM operation: ParallelCollectForAllocation (Allocation Failure)
Event: 2151.290 Executing safepoint VM operation: ParallelCollectForAllocation (Allocation Failure) done
Event: 2151.493 Executing non-safepoint VM operation: HandshakeAllThreads (Deoptimize)
Event: 2151.493 Executing non-safepoint VM operation: HandshakeAllThreads (Deoptimize) done
Event: 2152.018 Executing non-safepoint VM operation: HandshakeAllThreads (Deoptimize)
Event: 2152.018 Executing non-safepoint VM operation: HandshakeAllThreads (Deoptimize) done
Event: 2152.101 Executing non-safepoint VM operation: HandshakeAllThreads (Deoptimize)
Event: 2152.101 Executing non-safepoint VM operation: HandshakeAllThreads (Deoptimize) done
Event: 2152.102 Executing non-safepoint VM operation: HandshakeAllThreads (Deoptimize)
Event: 2152.102 Executing non-safepoint VM operation: HandshakeAllThreads (Deoptimize) done
Event: 2152.102 Executing non-safepoint VM operation: HandshakeAllThreads (Deoptimize)
Event: 2152.102 Executing non-safepoint VM operation: HandshakeAllThreads (Deoptimize) done
Event: 2152.104 Executing non-safepoint VM operation: HandshakeAllThreads (Deoptimize)
Event: 2152.104 Executing non-safepoint VM operation: HandshakeAllThreads (Deoptimize) done
Event: 2152.140 Executing safepoint VM operation: ParallelCollectForAllocation (Allocation Failure)
Event: 2152.141 Executing safepoint VM operation: ParallelCollectForAllocation (Allocation Failure) done
Event: 2152.162 Executing safepoint VM operation: PopulateDumpSharedSpace

Memory protections (0 events):
No events

Nmethod flushes (20 events):
Event: 25.458 Thread 0x000002d546795400 flushing  nmethod 0x000002d535d59c08
Event: 25.458 Thread 0x000002d546795400 flushing  nmethod 0x000002d535d5a308
Event: 25.458 Thread 0x000002d546795400 flushing  nmethod 0x000002d535d5b508
Event: 25.458 Thread 0x000002d546795400 flushing  nmethod 0x000002d535d5cb08
Event: 25.458 Thread 0x000002d546795400 flushing  nmethod 0x000002d535d5de08
Event: 25.458 Thread 0x000002d546795400 flushing  nmethod 0x000002d535d5f188
Event: 25.458 Thread 0x000002d546795400 flushing  nmethod 0x000002d535d5fe88
Event: 25.458 Thread 0x000002d546795400 flushing  nmethod 0x000002d535da2288
Event: 25.458 Thread 0x000002d546795400 flushing  nmethod 0x000002d535da2588
Event: 25.458 Thread 0x000002d546795400 flushing  nmethod 0x000002d535da2d08
Event: 25.458 Thread 0x000002d546795400 flushing  nmethod 0x000002d535da3008
Event: 25.458 Thread 0x000002d546795400 flushing  nmethod 0x000002d535da4408
Event: 25.458 Thread 0x000002d546795400 flushing  nmethod 0x000002d535da5708
Event: 25.458 Thread 0x000002d546795400 flushing  nmethod 0x000002d535da5e08
Event: 25.458 Thread 0x000002d546795400 flushing  nmethod 0x000002d535da6208
Event: 25.458 Thread 0x000002d546795400 flushing  nmethod 0x000002d535da7d88
Event: 25.458 Thread 0x000002d546795400 flushing  nmethod 0x000002d535daf108
Event: 25.458 Thread 0x000002d546795400 flushing  nmethod 0x000002d535dc0788
Event: 25.458 Thread 0x000002d546795400 flushing  nmethod 0x000002d535e0ff88
Event: 25.458 Thread 0x000002d546795400 flushing  nmethod 0x000002d535e10408

Events (20 events):
Event: 2151.608 Thread 0x000002d552cb1620 Thread exited: 0x000002d552cb1620
Event: 2151.608 Thread 0x000002d555eb5260 Thread exited: 0x000002d555eb5260
Event: 2151.609 Thread 0x000002d54fb13910 Thread exited: 0x000002d54fb13910
Event: 2151.609 Thread 0x000002d552aba3e0 Thread exited: 0x000002d552aba3e0
Event: 2152.000 Thread 0x000002d5509575f0 Thread exited: 0x000002d5509575f0
Event: 2152.082 Thread 0x000002d550a20a30 Thread exited: 0x000002d550a20a30
Event: 2152.082 Thread 0x000002d55194c210 Thread exited: 0x000002d55194c210
Event: 2152.082 Thread 0x000002d550cf7430 Thread exited: 0x000002d550cf7430
Event: 2152.082 Thread 0x000002d550a23140 Thread exited: 0x000002d550a23140
Event: 2152.084 Thread 0x000002d5506ffd70 Thread exited: 0x000002d5506ffd70
Event: 2152.089 Thread 0x000002d5500a69b0 Thread exited: 0x000002d5500a69b0
Event: 2152.090 Thread 0x000002d54fd1a840 Thread exited: 0x000002d54fd1a840
Event: 2152.090 Thread 0x000002d54fdfd3a0 Thread exited: 0x000002d54fdfd3a0
Event: 2152.090 Thread 0x000002d54fd95310 Thread exited: 0x000002d54fd95310
Event: 2152.094 Thread 0x000002d551951800 Thread exited: 0x000002d551951800
Event: 2152.094 Thread 0x000002d52a3ab9a0 Thread added: 0x000002d55194c210
Event: 2152.094 Thread 0x000002d55194c210 Thread exited: 0x000002d55194c210
Event: 2152.095 Thread 0x000002d52a3ab9a0 Before exit entered
Event: 2152.128 Thread 0x000002d52c9257e0 Thread added: 0x000002d55f499f60
Event: 2152.148 Thread 0x000002d52c9257e0 Thread added: 0x000002d55f498f40


Dynamic libraries:
0x00007ff6d00d0000 - 0x00007ff6d00de000 	C:\Users\W.Y.Park\.jdks\temurin-25.0.1\bin\java.exe
0x00007ff962a20000 - 0x00007ff962c87000 	C:\WINDOWS\SYSTEM32\ntdll.dll
0x00007ff9622d0000 - 0x00007ff962399000 	C:\WINDOWS\System32\KERNEL32.DLL
0x00007ff960330000 - 0x00007ff96071f000 	C:\WINDOWS\System32\KERNELBASE.dll
0x00007ff960060000 - 0x00007ff9601ab000 	C:\WINDOWS\System32\ucrtbase.dll
0x00007ff92e160000 - 0x00007ff92e176000 	C:\Users\W.Y.Park\.jdks\temurin-25.0.1\bin\jli.dll
0x00007ff8ccd50000 - 0x00007ff8ccd6e000 	C:\Users\W.Y.Park\.jdks\temurin-25.0.1\bin\VCRUNTIME140.dll
0x00007ff9626d0000 - 0x00007ff962895000 	C:\WINDOWS\System32\USER32.dll
0x00007ff95fda0000 - 0x00007ff95fdc7000 	C:\WINDOWS\System32\win32u.dll
0x00007ff961450000 - 0x00007ff96147b000 	C:\WINDOWS\System32\GDI32.dll
0x00007ff95fdd0000 - 0x00007ff95fefc000 	C:\WINDOWS\System32\gdi32full.dll
0x00007ff95ff00000 - 0x00007ff95ffa3000 	C:\WINDOWS\System32\msvcp_win.dll
0x00007ff94ba10000 - 0x00007ff94bca3000 	C:\WINDOWS\WinSxS\amd64_microsoft.windows.common-controls_6595b64144ccf1df_6.0.26100.7309_none_3e05feeae336a044\COMCTL32.dll
0x00007ff960ff0000 - 0x00007ff961099000 	C:\WINDOWS\System32\msvcrt.dll
0x00007ff962920000 - 0x00007ff962951000 	C:\WINDOWS\System32\IMM32.DLL
0x00007ff94b980000 - 0x00007ff94b98c000 	C:\Users\W.Y.Park\.jdks\temurin-25.0.1\bin\vcruntime140_1.dll
0x00007ff896360000 - 0x00007ff8963ed000 	C:\Users\W.Y.Park\.jdks\temurin-25.0.1\bin\msvcp140.dll
0x00007ff86f2e0000 - 0x00007ff870206000 	C:\Users\W.Y.Park\.jdks\temurin-25.0.1\bin\server\jvm.dll
0x00007ff9623a0000 - 0x00007ff962454000 	C:\WINDOWS\System32\ADVAPI32.dll
0x00007ff9607c0000 - 0x00007ff960866000 	C:\WINDOWS\System32\sechost.dll
0x00007ff961670000 - 0x00007ff961788000 	C:\WINDOWS\System32\RPCRT4.dll
0x00007ff9624b0000 - 0x00007ff962524000 	C:\WINDOWS\System32\WS2_32.dll
0x00007ff95f9d0000 - 0x00007ff95fa2e000 	C:\WINDOWS\SYSTEM32\POWRPROF.dll
0x00007ff9549b0000 - 0x00007ff9549e5000 	C:\WINDOWS\SYSTEM32\WINMM.dll
0x00007ff953bd0000 - 0x00007ff953bdb000 	C:\WINDOWS\SYSTEM32\VERSION.dll
0x00007ff95f900000 - 0x00007ff95f914000 	C:\WINDOWS\SYSTEM32\UMPDC.dll
0x00007ff95e8e0000 - 0x00007ff95e8fb000 	C:\WINDOWS\SYSTEM32\kernel.appcore.dll
0x00007ff8cbeb0000 - 0x00007ff8cbeba000 	C:\Users\W.Y.Park\.jdks\temurin-25.0.1\bin\jimage.dll
0x00007ff953680000 - 0x00007ff9538c2000 	C:\WINDOWS\SYSTEM32\DBGHELP.DLL
0x00007ff9610a0000 - 0x00007ff961425000 	C:\WINDOWS\System32\combase.dll
0x00007ff961ee0000 - 0x00007ff961fb6000 	C:\WINDOWS\System32\OLEAUT32.dll
0x00007ff94f660000 - 0x00007ff94f69c000 	C:\WINDOWS\SYSTEM32\dbgcore.DLL
0x00007ff95ffb0000 - 0x00007ff960055000 	C:\WINDOWS\System32\bcryptPrimitives.dll
0x00007ff8ca660000 - 0x00007ff8ca66f000 	C:\Users\W.Y.Park\.jdks\temurin-25.0.1\bin\instrument.dll
0x00007ff89cea0000 - 0x00007ff89cebe000 	C:\Users\W.Y.Park\.jdks\temurin-25.0.1\bin\java.dll
0x00007ff962530000 - 0x00007ff9626c7000 	C:\WINDOWS\System32\ole32.dll
0x00007ff960870000 - 0x00007ff960fc3000 	C:\WINDOWS\System32\SHELL32.dll
0x00007ff95fb70000 - 0x00007ff95fcda000 	C:\WINDOWS\System32\wintypes.dll
0x00007ff89ce80000 - 0x00007ff89ce97000 	C:\Users\W.Y.Park\.jdks\temurin-25.0.1\bin\zip.dll
0x00007ff95d750000 - 0x00007ff95dfae000 	C:\WINDOWS\SYSTEM32\windows.storage.dll
0x00007ff961de0000 - 0x00007ff961ed5000 	C:\WINDOWS\System32\SHCORE.dll
0x00007ff962960000 - 0x00007ff9629c6000 	C:\WINDOWS\System32\shlwapi.dll
0x00007ff95fa90000 - 0x00007ff95fab9000 	C:\WINDOWS\SYSTEM32\profapi.dll
0x00007ff89ce60000 - 0x00007ff89ce71000 	C:\Users\W.Y.Park\.jdks\temurin-25.0.1\bin\net.dll
0x00007ff95ee30000 - 0x00007ff95ee9b000 	C:\WINDOWS\system32\mswsock.dll
0x00007ff89cab0000 - 0x00007ff89cac6000 	C:\Users\W.Y.Park\.jdks\temurin-25.0.1\bin\nio.dll
0x00007ff8c1310000 - 0x00007ff8c1320000 	C:\Users\W.Y.Park\.jdks\temurin-25.0.1\bin\verify.dll
0x00007ff89bbc0000 - 0x00007ff89bc04000 	C:\Users\W.Y.Park\AppData\Roaming\Code - Insiders\User\globalStorage\redhat.java\1.50.0\config_win\org.eclipse.equinox.launcher\org.eclipse.equinox.launcher.win32.win32.x86_64_1.2.1400.v20250801-0854\eclipse_11916.dll
0x00007ff95f220000 - 0x00007ff95f23b000 	C:\WINDOWS\SYSTEM32\CRYPTSP.dll
0x00007ff95e840000 - 0x00007ff95e87a000 	C:\WINDOWS\system32\rsaenh.dll
0x00007ff95eee0000 - 0x00007ff95ef0b000 	C:\WINDOWS\SYSTEM32\USERENV.dll
0x00007ff95fa60000 - 0x00007ff95fa8a000 	C:\WINDOWS\SYSTEM32\bcrypt.dll
0x00007ff95f080000 - 0x00007ff95f08c000 	C:\WINDOWS\SYSTEM32\CRYPTBASE.dll
0x00007ff95e2d0000 - 0x00007ff95e304000 	C:\WINDOWS\SYSTEM32\IPHLPAPI.DLL
0x00007ff960fd0000 - 0x00007ff960fda000 	C:\WINDOWS\System32\NSI.dll
0x00007ff8db310000 - 0x00007ff8db359000 	C:\Users\W.Y.Park\AppData\Local\Temp\jna-1769096694\jna8623039034186920367.dll
0x00007ff9629d0000 - 0x00007ff9629d8000 	C:\WINDOWS\System32\PSAPI.DLL
0x00007ff958f70000 - 0x00007ff959098000 	C:\WINDOWS\SYSTEM32\winhttp.dll
0x00007ff959200000 - 0x00007ff95921e000 	C:\WINDOWS\SYSTEM32\dhcpcsvc6.DLL
0x00007ff9591d0000 - 0x00007ff9591f3000 	C:\WINDOWS\SYSTEM32\dhcpcsvc.DLL
0x00007ff95ea00000 - 0x00007ff95ea36000 	C:\WINDOWS\SYSTEM32\ntmarta.dll

JVMTI agents:
c:\Users\W.Y.Park\.vscode-insiders\extensions\redhat.java-1.50.0-win32-x64\lombok\lombok-1.18.39-4050.jar path:C:\Users\W.Y.Park\.jdks\temurin-25.0.1\bin\instrument.dll, loaded, initialized, instrumentlib options:none

dbghelp: loaded successfully - version: 4.0.5 - missing functions: none
symbol engine: initialized successfully - sym options: 0x614 - pdb path: .;C:\Users\W.Y.Park\.jdks\temurin-25.0.1\bin;C:\WINDOWS\SYSTEM32;C:\WINDOWS\WinSxS\amd64_microsoft.windows.common-controls_6595b64144ccf1df_6.0.26100.7309_none_3e05feeae336a044;C:\Users\W.Y.Park\.jdks\temurin-25.0.1\bin\server;C:\Users\W.Y.Park\AppData\Roaming\Code - Insiders\User\globalStorage\redhat.java\1.50.0\config_win\org.eclipse.equinox.launcher\org.eclipse.equinox.launcher.win32.win32.x86_64_1.2.1400.v20250801-0854;C:\Users\W.Y.Park\AppData\Local\Temp\jna-1769096694

VM Arguments:
jvm_args: -Djdk.xml.maxGeneralEntitySizeLimit=0 -Djdk.xml.totalEntitySizeLimit=0 --add-modules=ALL-SYSTEM --add-opens=java.base/java.util=ALL-UNNAMED --add-opens=java.base/java.lang=ALL-UNNAMED --add-opens=java.base/sun.nio.fs=ALL-UNNAMED -Declipse.application=org.eclipse.jdt.ls.core.id1 -Dosgi.bundles.defaultStartLevel=4 -Declipse.product=org.eclipse.jdt.ls.core.product -Djava.import.generatesMetadataFilesAtProjectRoot=false -DDetectVMInstallationsJob.disabled=true -Dfile.encoding=utf8 -XX:+UseParallelGC -XX:GCTimeRatio=4 -XX:AdaptiveSizePolicyWeight=90 -Dsun.zip.disableMemoryMapping=true -Xmx2G -Xms100m -Xlog:disable -javaagent:c:\Users\W.Y.Park\.vscode-insiders\extensions\redhat.java-1.50.0-win32-x64\lombok\lombok-1.18.39-4050.jar -XX:+HeapDumpOnOutOfMemoryError -XX:HeapDumpPath=c:\Users\W.Y.Park\AppData\Roaming\Code - Insiders\User\workspaceStorage\a504f27c4b74cf35ebf1b0132750258b\redhat.java -Daether.dependencyCollector.impl=bf -Djdt.core.sharedIndexLocation=C:\Users\W.Y.Park\AppData\Roaming\.jdt\index -XX:+UnlockDiagnosticVMOptions -XX:+AllowArchivingWithJavaAgent -XX:+AutoCreateSharedArchive -XX:SharedArchiveFile=c:\Users\W.Y.Park\AppData\Roaming\Code - Insiders\User\globalStorage\redhat.java\1.50.0\jdtls.jsa 
java_command: c:\Users\W.Y.Park\.vscode-insiders\extensions\redhat.java-1.50.0-win32-x64\server\plugins\org.eclipse.equinox.launcher_1.7.100.v20251111-0406.jar -configuration c:\Users\W.Y.Park\AppData\Roaming\Code - Insiders\User\globalStorage\redhat.java\1.50.0\config_win -data c:\Users\W.Y.Park\AppData\Roaming\Code - Insiders\User\workspaceStorage\a504f27c4b74cf35ebf1b0132750258b\redhat.java\jdt_ws --pipe=\\.\pipe\lsp-1eac288957ae390fdeb8ba9195bf1a17-sock
java_class_path (initial): c:\Users\W.Y.Park\.vscode-insiders\extensions\redhat.java-1.50.0-win32-x64\server\plugins\org.eclipse.equinox.launcher_1.7.100.v20251111-0406.jar
Launcher Type: SUN_STANDARD

[Global flags]
     bool AOTInvokeDynamicLinking                  = false                                  {diagnostic} {ergonomic}
     bool AOTRecordTraining                        = false                                  {diagnostic} {ergonomic}
     bool AOTReplayTraining                        = false                                  {diagnostic} {ergonomic}
     uint AdaptiveSizePolicyWeight                 = 90                                        {product} {command line}
     bool AllowArchivingWithJavaAgent              = true                                   {diagnostic} {command line}
     bool AutoCreateSharedArchive                  = true                                      {product} {command line}
     intx CICompilerCount                          = 15                                        {product} {ergonomic}
     uint GCTimeRatio                              = 4                                         {product} {command line}
     bool HeapDumpOnOutOfMemoryError               = true                                   {manageable} {command line}
    ccstr HeapDumpPath                             = c:\Users\W.Y.Park\AppData\Roaming\Code - Insiders\User\workspaceStorage\a504f27c4b74cf35ebf1b0132750258b\redhat.java         {manageable} {command line}
   size_t InitialHeapSize                          = 104857600                                 {product} {command line}
   size_t MaxHeapSize                              = 2147483648                                {product} {command line}
   size_t MaxNewSize                               = 715653120                                 {product} {ergonomic}
   size_t MinHeapDeltaBytes                        = 524288                                    {product} {ergonomic}
   size_t MinHeapSize                              = 104857600                                 {product} {command line}
   size_t NewSize                                  = 34603008                                  {product} {ergonomic}
    uintx NonNMethodCodeHeapSize                   = 8192000                                {pd product} {ergonomic}
    uintx NonProfiledCodeHeapSize                  = 121765888                              {pd product} {ergonomic}
    uintx ProfiledCodeHeapSize                     = 121700352                              {pd product} {ergonomic}
    uintx ReservedCodeCacheSize                    = 251658240                              {pd product} {ergonomic}
     bool SegmentedCodeCache                       = true                                      {product} {ergonomic}
    ccstr SharedArchiveFile                        = c:\Users\W.Y.Park\AppData\Roaming\Code - Insiders\User\globalStorage\redhat.java\1.50.0\jdtls.jsa            {product} {command line}
   size_t SoftMaxHeapSize                          = 2147483648                             {manageable} {ergonomic}
     bool UnlockDiagnosticVMOptions                = true                                   {diagnostic} {command line}
     bool UseCompressedOops                        = true                           {product lp64_product} {ergonomic}
     bool UseLargePagesIndividualAllocation        = false                                  {pd product} {ergonomic}
     bool UseParallelGC                            = true                                      {product} {command line}
      int X86ICacheSync                            = 3                                 {ARCH diagnostic} {ergonomic}

Logging:
Log output configuration:
 #0: stdout all=off uptime,level,tags foldmultilines=false
 #1: stderr all=off uptime,level,tags foldmultilines=false

Release file:
IMPLEMENTOR="Eclipse Adoptium" 
IMPLEMENTOR_VERSION="Temurin-25.0.1+8" 
JAVA_RUNTIME_VERSION="25.0.1+8-LTS" 
JAVA_VERSION="25.0.1" 
JAVA_VERSION_DATE="2025-10-21" 
LIBC="default" 
MODULES="java.base java.compiler java.datatransfer java.xml java.prefs java.desktop java.instrument java.logging java.management java.security.sasl java.naming java.rmi java.management.rmi java.net.http java.scripting java.security.jgss java.transaction.xa java.sql java.sql.rowset java.xml.crypto java.se java.smartcardio jdk.accessibility jdk.internal.jvmstat jdk.attach jdk.charsets jdk.internal.opt jdk.zipfs jdk.compiler jdk.crypto.cryptoki jdk.crypto.ec jdk.crypto.mscapi jdk.dynalink jdk.internal.ed jdk.editpad jdk.internal.vm.ci jdk.graal.compiler jdk.graal.compiler.management jdk.hotspot.agent jdk.httpserver jdk.incubator.vector jdk.internal.le jdk.internal.md jdk.jartool jdk.javadoc jdk.jcmd jdk.management jdk.management.agent jdk.jconsole jdk.jdeps jdk.jdwp.agent jdk.jdi jdk.jfr jdk.jlink jdk.jpackage jdk.jshell jdk.jsobject jdk.jstatd jdk.localedata jdk.management.jfr jdk.naming.dns jdk.naming.rmi jdk.net jdk.nio.mapmode jdk.sctp jdk.security.auth jdk.security.jgss jdk.unsupported jdk.unsupported.desktop jdk.xml.dom" 
OS_ARCH="x86_64" 
OS_NAME="Windows" 
SOURCE=".:git:61d6a2c1b35e" 
BUILD_SOURCE="git:839fa0b45d809157cffd3dc8515aad262a4a1776"
BUILD_SOURCE_REPO="https://github.com/adoptium/temurin-build.git"
SOURCE_REPO="https://github.com/adoptium/jdk25u.git"
FULL_VERSION="25.0.1+8-LTS"
SEMANTIC_VERSION="25.0.1+8"
BUILD_INFO="OS: Windows Server 2022 Version: 10.0"
JVM_VARIANT="Hotspot"
JVM_VERSION="25.0.1+8-LTS"
IMAGE_TYPE="JDK"

Environment Variables:
JAVA_HOME=C:\Users\W.Y.Park\.jdks\temurin-18.0.2.1
PATH=C:\WINDOWS\system32;C:\WINDOWS;C:\WINDOWS\System32\Wbem;C:\WINDOWS\System32\WindowsPowerShell\v1.0\;C:\WINDOWS\System32\OpenSSH\;C:\ProgramData\chocolatey\bin;D:\DevHome\tools\JEnv-for-Windows;C:\Users\W.Y.Park\.jdks\temurin-18.0.2.1\bin;C:\Program Files\Bandizip\;C:\Program Files\Microsoft SQL Server\150\Tools\Binn\;C:\Program Files\Microsoft SQL Server\Client SDK\ODBC\170\Tools\Binn\;C:\Program Files\Java\jdk1.8.0_351\bin\;C:\ProgramData\chocolatey\lib\maven\apache-maven-3.9.4\bin;C:\Program Files\Go\bin;C:\Program Files (x86)\Yarn\bin\;C:\ProgramData\nvm;C:\Program Files\nodejs;C:\Program Files\dotnet\;C:\Program Files\Git\cmd;C:\Program Files (x86)\Lua\5.1;C:\Program Files (x86)\Lua\5.1\clibs;C:\Users\W.Y.Park\scoop\apps\luarocks\current\rocks\bin;C:\Program Files\Microsoft VS Code\bin;c:\Users\W.Y.Park\AppData\Local\Programs\cursor\resources\app\bin;C:\Users\W.Y.Park\scoop\shims;C:\Program Files\Docker\Docker\resources\bin;C:\Program Files\PowerShell\7\;C:\Program Files\OpenSSL-Win64\bin;C:\Program Files\Microsoft VS Code Insiders\bin;C:\Users\W.Y.Park\AppData\Local\pnpm;C:\Users\W.Y.Park\.local\bin;C:\Users\W.Y.Park\scoop\apps\luarocks\current\rocks\bin;C:\Users\W.Y.Park\scoop\shims;C:\Users\W.Y.Park\AppData\Local\Microsoft\WindowsApps;C:\Users\W.Y.Park\AppData\Local\JetBrains\Toolbox\scripts;C:\Users\W.Y.Park\go\bin;C:\Users\W.Y.Park\AppData\Local\Yarn\bin;C:\Users\W.Y.Park\AppData\Roaming\npm;C:\ProgramData\nvm;C:\Program Files\nodejs;C:\Users\W.Y.Park\.dotnet\tools;D:\Atlassian\atlassian-plugin-sdk-9.1.1\bin;C:\tools\neovim\nvim-win64\bin;C:\ProgramData\mingw64\mingw64\bin;C:\Users\W.Y.Park\AppData\Local\Microsoft\WinGet\Packages\JesseDuffield.lazygit_Microsoft.Winget.Source_8wekyb3d8bbwe;C:\Users\W.Y.Park\AppData\Local\Microsoft\WinGet\Packages\junegunn.fzf_Microsoft.Winget.Source_8wekyb3d8bbwe;C:\Users\W.Y.Park\AppData\Local\Microsoft\WindowsApps;C:\Users\W.Y.Park\AppData\Local\Programs\cursor\resources\app\bin;C:\Users\W.Y.Park\AppData\Local\Programs\Antigravity\bin
USERNAME=W.Y.Park
OS=Windows_NT
PROCESSOR_IDENTIFIER=AMD64 Family 25 Model 33 Stepping 0, AuthenticAMD
TMP=C:\Users\WYA193~1.PAR\AppData\Local\Temp
TEMP=C:\Users\WYA193~1.PAR\AppData\Local\Temp




Compilation memory statistics disabled.

Periodic native trim disabled

---------------  S Y S T E M  ---------------

OS:
 Windows 11 , 64 bit Build 26100 (10.0.26100.7309)
OS uptime: 0 days 2:26 hours
Hyper-V role detected

CPU: total 32 (initial active 32) (32 cores per cpu, 2 threads per core) family 25 model 33 stepping 0 microcode 0xa201009, cx8, cmov, fxsr, ht, mmx, 3dnowpref, sse, sse2, sse3, ssse3, sse4a, sse4.1, sse4.2, popcnt, lzcnt, tsc, tscinvbit, avx, avx2, aes, erms, clmul, bmi1, bmi2, adx, sha, fma, vzeroupper, clflush, clflushopt, clwb, hv, rdtscp, rdpid, fsrm, f16c, cet_ss
Processor Information for the first 32 processors :
  Max Mhz: 3401, Current Mhz: 3401, Mhz Limit: 3401

Memory: 4k page, system-wide physical 32677M (18590M free)
TotalPageFile size 39077M (AvailPageFile size 12875M)
current process WorkingSet (physical memory assigned to process): 744M, peak: 985M
current process commit charge ("private bytes"): 1043M, peak: 1043M

vm_info: OpenJDK 64-Bit Server VM (25.0.1+8-LTS) for windows-amd64 JRE (25.0.1+8-LTS), built on 2025-10-21T00:00:00Z with unknown MS VC++:1942

END.
